{"C:\\Users\\h.benallel\\WebstormProjects\\pandoramid\\api-nest-pando\\src\\app.controller.ts": {"path":"C:\\Users\\h.benallel\\WebstormProjects\\pandoramid\\api-nest-pando\\src\\app.controller.ts","statementMap":{"0":{"start":{"line":1,"column":0},"end":{"line":1,"column":83}},"1":{"start":{"line":5,"column":26},"end":{"line":39,"column":null}},"2":{"start":{"line":6,"column":31},"end":{"line":6,"column":53}},"3":{"start":{"line":10,"column":4},"end":{"line":10,"column":38}},"4":{"start":{"line":15,"column":4},"end":{"line":15,"column":43}},"5":{"start":{"line":20,"column":4},"end":{"line":20,"column":41}},"6":{"start":{"line":27,"column":4},"end":{"line":27,"column":40}},"7":{"start":{"line":32,"column":4},"end":{"line":32,"column":27}},"8":{"start":{"line":33,"column":4},"end":{"line":33,"column":53}},"9":{"start":{"line":9,"column":2},"end":{"line":11,"column":null}},"10":{"start":{"line":14,"column":2},"end":{"line":16,"column":null}},"11":{"start":{"line":19,"column":2},"end":{"line":21,"column":null}},"12":{"start":{"line":26,"column":2},"end":{"line":28,"column":null}},"13":{"start":{"line":31,"column":2},"end":{"line":34,"column":null}},"14":{"start":{"line":5,"column":13},"end":{"line":39,"column":null}}},"fnMap":{"0":{"name":"(anonymous_0)","decl":{"start":{"line":6,"column":2},"end":{"line":6,"column":31}},"loc":{"start":{"line":6,"column":53},"end":{"line":6,"column":57}}},"1":{"name":"(anonymous_1)","decl":{"start":{"line":9,"column":2},"end":{"line":9,"column":10}},"loc":{"start":{"line":9,"column":10},"end":{"line":11,"column":3}}},"2":{"name":"(anonymous_2)","decl":{"start":{"line":14,"column":2},"end":{"line":14,"column":13}},"loc":{"start":{"line":14,"column":13},"end":{"line":16,"column":3}}},"3":{"name":"(anonymous_3)","decl":{"start":{"line":19,"column":2},"end":{"line":19,"column":9}},"loc":{"start":{"line":19,"column":33},"end":{"line":21,"column":3}}},"4":{"name":"(anonymous_4)","decl":{"start":{"line":26,"column":2},"end":{"line":26,"column":8}},"loc":{"start":{"line":26,"column":8},"end":{"line":28,"column":3}}},"5":{"name":"(anonymous_5)","decl":{"start":{"line":31,"column":2},"end":{"line":31,"column":9}},"loc":{"start":{"line":31,"column":30},"end":{"line":34,"column":3}}}},"branchMap":{},"s":{"0":1,"1":1,"2":2,"3":0,"4":0,"5":0,"6":1,"7":1,"8":1,"9":1,"10":1,"11":1,"12":1,"13":1,"14":1},"f":{"0":2,"1":0,"2":0,"3":0,"4":1,"5":1},"b":{}}
,"C:\\Users\\h.benallel\\WebstormProjects\\pandoramid\\api-nest-pando\\src\\app.service.ts": {"path":"C:\\Users\\h.benallel\\WebstormProjects\\pandoramid\\api-nest-pando\\src\\app.service.ts","statementMap":{"0":{"start":{"line":1,"column":0},"end":{"line":1,"column":44}},"1":{"start":{"line":4,"column":23},"end":{"line":13,"column":null}},"2":{"start":{"line":6,"column":4},"end":{"line":6,"column":32}},"3":{"start":{"line":10,"column":31},"end":{"line":10,"column":58}},"4":{"start":{"line":11,"column":4},"end":{"line":11,"column":20}},"5":{"start":{"line":4,"column":13},"end":{"line":13,"column":null}}},"fnMap":{"0":{"name":"(anonymous_0)","decl":{"start":{"line":5,"column":2},"end":{"line":5,"column":10}},"loc":{"start":{"line":5,"column":10},"end":{"line":7,"column":3}}},"1":{"name":"(anonymous_1)","decl":{"start":{"line":9,"column":2},"end":{"line":9,"column":15}},"loc":{"start":{"line":9,"column":15},"end":{"line":12,"column":3}}}},"branchMap":{},"s":{"0":1,"1":1,"2":0,"3":0,"4":0,"5":1},"f":{"0":0,"1":0},"b":{}}
,"C:\\Users\\h.benallel\\WebstormProjects\\pandoramid\\api-nest-pando\\src\\admin\\admin.controller.ts": {"path":"C:\\Users\\h.benallel\\WebstormProjects\\pandoramid\\api-nest-pando\\src\\admin\\admin.controller.ts","statementMap":{"0":{"start":{"line":1,"column":0},"end":{"line":1,"column":47}},"1":{"start":{"line":4,"column":28},"end":{"line":9,"column":null}},"2":{"start":{"line":7,"column":4},"end":{"line":7,"column":24}},"3":{"start":{"line":6,"column":2},"end":{"line":8,"column":null}},"4":{"start":{"line":4,"column":13},"end":{"line":9,"column":null}}},"fnMap":{"0":{"name":"(anonymous_0)","decl":{"start":{"line":6,"column":2},"end":{"line":6,"column":7}},"loc":{"start":{"line":6,"column":7},"end":{"line":8,"column":3}}}},"branchMap":{},"s":{"0":1,"1":1,"2":1,"3":1,"4":1},"f":{"0":1},"b":{}}
,"C:\\Users\\h.benallel\\WebstormProjects\\pandoramid\\src\\app\\app.component.html": {"path":"C:\\Users\\h.benallel\\WebstormProjects\\pandoramid\\src\\app\\app.component.html","statementMap":{"0":{"start":{"line":1,"column":0},"end":{"line":1,"column":50}}},"fnMap":{},"branchMap":{},"s":{"0":1},"f":{},"b":{},"_coverageSchema":"1a1c01bbd47fc00a2c39e90264f33305004495a9","hash":"991b5b719098cb541c2be6577a4a9ebea82c6683"}
,"C:\\Users\\h.benallel\\WebstormProjects\\pandoramid\\src\\app\\app.component.ts": {"path":"C:\\Users\\h.benallel\\WebstormProjects\\pandoramid\\src\\app\\app.component.ts","statementMap":{"0":{"start":{"line":1,"column":0},"end":{"line":1,"column":42}},"1":{"start":{"line":9,"column":13},"end":{"line":23,"column":null}}},"fnMap":{"0":{"name":"(anonymous_0)","decl":{"start":{"line":10,"column":2},"end":{"line":10,"column":null}},"loc":{"start":{"line":10,"column":2},"end":{"line":18,"column":3}}}},"branchMap":{},"s":{"0":1,"1":1},"f":{"0":1},"b":{}}
,"C:\\Users\\h.benallel\\WebstormProjects\\pandoramid\\src\\app\\components\\home\\home.component.html": {"path":"C:\\Users\\h.benallel\\WebstormProjects\\pandoramid\\src\\app\\components\\home\\home.component.html","statementMap":{"0":{"start":{"line":1,"column":0},"end":{"line":1,"column":111}}},"fnMap":{},"branchMap":{},"s":{"0":1},"f":{},"b":{},"_coverageSchema":"1a1c01bbd47fc00a2c39e90264f33305004495a9","hash":"0d15291dddbdcb80460d5e4fde9222d729ee9fb7"}
,"C:\\Users\\h.benallel\\WebstormProjects\\pandoramid\\src\\app\\components\\home\\home.component.ts": {"path":"C:\\Users\\h.benallel\\WebstormProjects\\pandoramid\\src\\app\\components\\home\\home.component.ts","statementMap":{"0":{"start":{"line":1,"column":0},"end":{"line":1,"column":42}},"1":{"start":{"line":8,"column":26},"end":{"line":10,"column":null}},"2":{"start":{"line":8,"column":13},"end":{"line":10,"column":null}}},"fnMap":{},"branchMap":{},"s":{"0":1,"1":1,"2":1},"f":{},"b":{}}
,"C:\\Users\\h.benallel\\WebstormProjects\\pandoramid\\src\\app\\components\\home\\angular\\angular.component.html": {"path":"C:\\Users\\h.benallel\\WebstormProjects\\pandoramid\\src\\app\\components\\home\\angular\\angular.component.html","statementMap":{"0":{"start":{"line":1,"column":0},"end":{"line":1,"column":1652}}},"fnMap":{},"branchMap":{},"s":{"0":1},"f":{},"b":{},"_coverageSchema":"1a1c01bbd47fc00a2c39e90264f33305004495a9","hash":"6318d6953a7c858e069d32bf84876aca80115d2c"}
,"C:\\Users\\h.benallel\\WebstormProjects\\pandoramid\\src\\app\\components\\home\\angular\\angular.component.ts": {"path":"C:\\Users\\h.benallel\\WebstormProjects\\pandoramid\\src\\app\\components\\home\\angular\\angular.component.ts","statementMap":{"0":{"start":{"line":1,"column":0},"end":{"line":1,"column":42}},"1":{"start":{"line":8,"column":29},"end":{"line":10,"column":null}},"2":{"start":{"line":8,"column":13},"end":{"line":10,"column":null}}},"fnMap":{},"branchMap":{},"s":{"0":1,"1":1,"2":1},"f":{},"b":{}}
,"C:\\Users\\h.benallel\\WebstormProjects\\pandoramid\\src\\app\\components\\home\\content\\content.component.html": {"path":"C:\\Users\\h.benallel\\WebstormProjects\\pandoramid\\src\\app\\components\\home\\content\\content.component.html","statementMap":{"0":{"start":{"line":1,"column":0},"end":{"line":1,"column":1956}}},"fnMap":{},"branchMap":{},"s":{"0":1},"f":{},"b":{},"_coverageSchema":"1a1c01bbd47fc00a2c39e90264f33305004495a9","hash":"6c6dd4aaed41570575aa4c72403fbf0ac301d398"}
,"C:\\Users\\h.benallel\\WebstormProjects\\pandoramid\\src\\app\\components\\home\\content\\content.component.ts": {"path":"C:\\Users\\h.benallel\\WebstormProjects\\pandoramid\\src\\app\\components\\home\\content\\content.component.ts","statementMap":{"0":{"start":{"line":1,"column":0},"end":{"line":1,"column":42}},"1":{"start":{"line":8,"column":29},"end":{"line":10,"column":null}},"2":{"start":{"line":8,"column":13},"end":{"line":10,"column":null}}},"fnMap":{},"branchMap":{},"s":{"0":1,"1":1,"2":1},"f":{},"b":{}}
,"C:\\Users\\h.benallel\\WebstormProjects\\pandoramid\\src\\app\\components\\home\\curiculum\\curiculum.component.html": {"path":"C:\\Users\\h.benallel\\WebstormProjects\\pandoramid\\src\\app\\components\\home\\curiculum\\curiculum.component.html","statementMap":{"0":{"start":{"line":1,"column":0},"end":{"line":1,"column":184}}},"fnMap":{},"branchMap":{},"s":{"0":1},"f":{},"b":{},"_coverageSchema":"1a1c01bbd47fc00a2c39e90264f33305004495a9","hash":"9eaac91a7f7fd67a4d012593b8589c5271df7383"}
,"C:\\Users\\h.benallel\\WebstormProjects\\pandoramid\\src\\app\\components\\home\\curiculum\\curiculum.component.ts": {"path":"C:\\Users\\h.benallel\\WebstormProjects\\pandoramid\\src\\app\\components\\home\\curiculum\\curiculum.component.ts","statementMap":{"0":{"start":{"line":1,"column":0},"end":{"line":1,"column":42}},"1":{"start":{"line":11,"column":31},"end":{"line":12,"column":null}},"2":{"start":{"line":11,"column":13},"end":{"line":12,"column":null}}},"fnMap":{},"branchMap":{},"s":{"0":1,"1":1,"2":1},"f":{},"b":{}}
,"C:\\Users\\h.benallel\\WebstormProjects\\pandoramid\\src\\app\\components\\home\\curiculum\\cv-deskop\\cv-deskop.component.html": {"path":"C:\\Users\\h.benallel\\WebstormProjects\\pandoramid\\src\\app\\components\\home\\curiculum\\cv-deskop\\cv-deskop.component.html","statementMap":{"0":{"start":{"line":1,"column":0},"end":{"line":1,"column":6026}}},"fnMap":{},"branchMap":{},"s":{"0":1},"f":{},"b":{},"_coverageSchema":"1a1c01bbd47fc00a2c39e90264f33305004495a9","hash":"c4d2759dc5e82c8fe77716c3d219ae99b20714cf"}
,"C:\\Users\\h.benallel\\WebstormProjects\\pandoramid\\src\\app\\components\\home\\curiculum\\cv-deskop\\cv-deskop.component.ts": {"path":"C:\\Users\\h.benallel\\WebstormProjects\\pandoramid\\src\\app\\components\\home\\curiculum\\cv-deskop\\cv-deskop.component.ts","statementMap":{"0":{"start":{"line":1,"column":0},"end":{"line":1,"column":42}},"1":{"start":{"line":2,"column":0},"end":{"line":2,"column":62}},"2":{"start":{"line":11,"column":22},"end":{"line":11,"column":57}},"3":{"start":{"line":14,"column":4},"end":{"line":14,"column":40}},"4":{"start":{"line":9,"column":13},"end":{"line":16,"column":null}}},"fnMap":{"0":{"name":"(anonymous_0)","decl":{"start":{"line":11,"column":2},"end":{"line":11,"column":22}},"loc":{"start":{"line":11,"column":57},"end":{"line":12,"column":3}}},"1":{"name":"(anonymous_1)","decl":{"start":{"line":13,"column":2},"end":{"line":13,"column":19}},"loc":{"start":{"line":13,"column":19},"end":{"line":15,"column":3}}}},"branchMap":{},"s":{"0":1,"1":1,"2":0,"3":0,"4":1},"f":{"0":0,"1":0},"b":{}}
,"C:\\Users\\h.benallel\\WebstormProjects\\pandoramid\\src\\app\\components\\home\\curiculum\\cv-mobile\\cv-mobile.component.html": {"path":"C:\\Users\\h.benallel\\WebstormProjects\\pandoramid\\src\\app\\components\\home\\curiculum\\cv-mobile\\cv-mobile.component.html","statementMap":{"0":{"start":{"line":1,"column":0},"end":{"line":1,"column":6427}}},"fnMap":{},"branchMap":{},"s":{"0":1},"f":{},"b":{},"_coverageSchema":"1a1c01bbd47fc00a2c39e90264f33305004495a9","hash":"2c9c7693fd7508afc9ed8e678300c66f1f1698e3"}
,"C:\\Users\\h.benallel\\WebstormProjects\\pandoramid\\src\\app\\components\\home\\curiculum\\cv-mobile\\cv-mobile.component.ts": {"path":"C:\\Users\\h.benallel\\WebstormProjects\\pandoramid\\src\\app\\components\\home\\curiculum\\cv-mobile\\cv-mobile.component.ts","statementMap":{"0":{"start":{"line":1,"column":0},"end":{"line":1,"column":42}},"1":{"start":{"line":2,"column":0},"end":{"line":2,"column":62}},"2":{"start":{"line":10,"column":22},"end":{"line":10,"column":57}},"3":{"start":{"line":13,"column":4},"end":{"line":13,"column":40}},"4":{"start":{"line":9,"column":13},"end":{"line":15,"column":null}}},"fnMap":{"0":{"name":"(anonymous_0)","decl":{"start":{"line":10,"column":2},"end":{"line":10,"column":22}},"loc":{"start":{"line":10,"column":57},"end":{"line":11,"column":3}}},"1":{"name":"(anonymous_1)","decl":{"start":{"line":12,"column":2},"end":{"line":12,"column":19}},"loc":{"start":{"line":12,"column":19},"end":{"line":14,"column":3}}}},"branchMap":{},"s":{"0":1,"1":1,"2":0,"3":0,"4":1},"f":{"0":0,"1":0},"b":{}}
,"C:\\Users\\h.benallel\\WebstormProjects\\pandoramid\\src\\app\\components\\home\\curiculum\\service\\curiculum.service.ts": {"path":"C:\\Users\\h.benallel\\WebstormProjects\\pandoramid\\src\\app\\components\\home\\curiculum\\service\\curiculum.service.ts","statementMap":{"0":{"start":{"line":1,"column":0},"end":{"line":1,"column":43}},"1":{"start":{"line":2,"column":0},"end":{"line":2,"column":50}},"2":{"start":{"line":3,"column":0},"end":{"line":3,"column":52}},"3":{"start":{"line":9,"column":22},"end":{"line":9,"column":38}},"4":{"start":{"line":10,"column":22},"end":{"line":10,"column":41}},"5":{"start":{"line":13,"column":19},"end":{"line":13,"column":68}},"6":{"start":{"line":14,"column":17},"end":{"line":14,"column":44}},"7":{"start":{"line":15,"column":4},"end":{"line":15,"column":23}},"8":{"start":{"line":16,"column":4},"end":{"line":16,"column":29}},"9":{"start":{"line":17,"column":4},"end":{"line":17,"column":17}},"10":{"start":{"line":8,"column":13},"end":{"line":19,"column":null}}},"fnMap":{"0":{"name":"(anonymous_0)","decl":{"start":{"line":9,"column":2},"end":{"line":9,"column":22}},"loc":{"start":{"line":10,"column":41},"end":{"line":10,"column":45}}},"1":{"name":"(anonymous_1)","decl":{"start":{"line":12,"column":2},"end":{"line":12,"column":13}},"loc":{"start":{"line":12,"column":13},"end":{"line":18,"column":3}}}},"branchMap":{},"s":{"0":3,"1":3,"2":3,"3":0,"4":0,"5":0,"6":0,"7":0,"8":0,"9":0,"10":3},"f":{"0":0,"1":0},"b":{}}
,"C:\\Users\\h.benallel\\WebstormProjects\\pandoramid\\src\\app\\components\\home\\curiculum\\service\\cv-base64.service.ts": {"path":"C:\\Users\\h.benallel\\WebstormProjects\\pandoramid\\src\\app\\components\\home\\curiculum\\service\\cv-base64.service.ts","statementMap":{"0":{"start":{"line":1,"column":0},"end":{"line":1,"column":43}},"1":{"start":{"line":6,"column":28},"end":{"line":9,"column":null}},"2":{"start":{"line":7,"column":9},"end":{"line":7,"column":246043}},"3":{"start":{"line":8,"column":9},"end":{"line":8,"column":246047}},"4":{"start":{"line":6,"column":13},"end":{"line":9,"column":null}}},"fnMap":{"0":{"name":"(anonymous_0)","decl":{"start":{"line":6,"column":7},"end":{"line":6,"column":13}},"loc":{"start":{"line":6,"column":7},"end":{"line":9,"column":1}}}},"branchMap":{},"s":{"0":4,"1":4,"2":1,"3":1,"4":4},"f":{"0":1},"b":{}}
,"C:\\Users\\h.benallel\\WebstormProjects\\pandoramid\\src\\app\\components\\home\\formation\\formation.component.html": {"path":"C:\\Users\\h.benallel\\WebstormProjects\\pandoramid\\src\\app\\components\\home\\formation\\formation.component.html","statementMap":{"0":{"start":{"line":1,"column":0},"end":{"line":1,"column":560}}},"fnMap":{},"branchMap":{},"s":{"0":1},"f":{},"b":{},"_coverageSchema":"1a1c01bbd47fc00a2c39e90264f33305004495a9","hash":"09a464791d33a110f7fabd96d456f03ae9ed17b3"}
,"C:\\Users\\h.benallel\\WebstormProjects\\pandoramid\\src\\app\\components\\home\\formation\\formation.component.ts": {"path":"C:\\Users\\h.benallel\\WebstormProjects\\pandoramid\\src\\app\\components\\home\\formation\\formation.component.ts","statementMap":{"0":{"start":{"line":1,"column":0},"end":{"line":1,"column":42}},"1":{"start":{"line":8,"column":31},"end":{"line":10,"column":null}},"2":{"start":{"line":8,"column":13},"end":{"line":10,"column":null}}},"fnMap":{},"branchMap":{},"s":{"0":1,"1":1,"2":1},"f":{},"b":{}}
,"C:\\Users\\h.benallel\\WebstormProjects\\pandoramid\\src\\app\\components\\home\\header\\header.component.html": {"path":"C:\\Users\\h.benallel\\WebstormProjects\\pandoramid\\src\\app\\components\\home\\header\\header.component.html","statementMap":{"0":{"start":{"line":1,"column":0},"end":{"line":1,"column":235}}},"fnMap":{},"branchMap":{},"s":{"0":1},"f":{},"b":{},"_coverageSchema":"1a1c01bbd47fc00a2c39e90264f33305004495a9","hash":"2c280ebe567d58ac7830b380c24ab98d38294211"}
,"C:\\Users\\h.benallel\\WebstormProjects\\pandoramid\\src\\app\\components\\home\\header\\header.component.ts": {"path":"C:\\Users\\h.benallel\\WebstormProjects\\pandoramid\\src\\app\\components\\home\\header\\header.component.ts","statementMap":{"0":{"start":{"line":1,"column":0},"end":{"line":1,"column":42}},"1":{"start":{"line":8,"column":28},"end":{"line":10,"column":null}},"2":{"start":{"line":8,"column":13},"end":{"line":10,"column":null}}},"fnMap":{},"branchMap":{},"s":{"0":1,"1":1,"2":1},"f":{},"b":{}}
,"C:\\Users\\h.benallel\\WebstormProjects\\pandoramid\\src\\app\\components\\home\\header\\header-deskop\\header-deskop.component.html": {"path":"C:\\Users\\h.benallel\\WebstormProjects\\pandoramid\\src\\app\\components\\home\\header\\header-deskop\\header-deskop.component.html","statementMap":{"0":{"start":{"line":1,"column":0},"end":{"line":1,"column":1925}}},"fnMap":{},"branchMap":{},"s":{"0":1},"f":{},"b":{},"_coverageSchema":"1a1c01bbd47fc00a2c39e90264f33305004495a9","hash":"f4f7adf12029d5f1e2473ea46ef61d10369b9fb6"}
,"C:\\Users\\h.benallel\\WebstormProjects\\pandoramid\\src\\app\\components\\home\\header\\header-deskop\\header-deskop.component.ts": {"path":"C:\\Users\\h.benallel\\WebstormProjects\\pandoramid\\src\\app\\components\\home\\header\\header-deskop\\header-deskop.component.ts","statementMap":{"0":{"start":{"line":1,"column":0},"end":{"line":1,"column":42}},"1":{"start":{"line":8,"column":13},"end":{"line":13,"column":null}}},"fnMap":{"0":{"name":"(anonymous_0)","decl":{"start":{"line":10,"column":2},"end":{"line":10,"column":null}},"loc":{"start":{"line":10,"column":2},"end":{"line":11,"column":3}}}},"branchMap":{},"s":{"0":1,"1":1},"f":{"0":1},"b":{}}
,"C:\\Users\\h.benallel\\WebstormProjects\\pandoramid\\src\\app\\components\\home\\header\\header-mobile\\header-mobile.component.html": {"path":"C:\\Users\\h.benallel\\WebstormProjects\\pandoramid\\src\\app\\components\\home\\header\\header-mobile\\header-mobile.component.html","statementMap":{"0":{"start":{"line":1,"column":0},"end":{"line":1,"column":2029}}},"fnMap":{},"branchMap":{},"s":{"0":1},"f":{},"b":{},"_coverageSchema":"1a1c01bbd47fc00a2c39e90264f33305004495a9","hash":"ce2be774f51b21a26acb588bcb798c128a2916cb"}
,"C:\\Users\\h.benallel\\WebstormProjects\\pandoramid\\src\\app\\components\\home\\header\\header-mobile\\header-mobile.component.ts": {"path":"C:\\Users\\h.benallel\\WebstormProjects\\pandoramid\\src\\app\\components\\home\\header\\header-mobile\\header-mobile.component.ts","statementMap":{"0":{"start":{"line":1,"column":0},"end":{"line":1,"column":42}},"1":{"start":{"line":8,"column":34},"end":{"line":10,"column":null}},"2":{"start":{"line":8,"column":13},"end":{"line":10,"column":null}}},"fnMap":{},"branchMap":{},"s":{"0":1,"1":1,"2":1},"f":{},"b":{}}
,"C:\\Users\\h.benallel\\WebstormProjects\\pandoramid\\src\\app\\components\\home\\header\\service\\header.service.ts": {"path":"C:\\Users\\h.benallel\\WebstormProjects\\pandoramid\\src\\app\\components\\home\\header\\service\\header.service.ts","statementMap":{"0":{"start":{"line":1,"column":0},"end":{"line":1,"column":43}},"1":{"start":{"line":6,"column":13},"end":{"line":9,"column":null}}},"fnMap":{"0":{"name":"(anonymous_0)","decl":{"start":{"line":8,"column":2},"end":{"line":8,"column":18}},"loc":{"start":{"line":8,"column":2},"end":{"line":8,"column":19}}}},"branchMap":{},"s":{"0":1,"1":1},"f":{"0":1},"b":{}}
,"C:\\Users\\h.benallel\\WebstormProjects\\pandoramid\\src\\app\\components\\home\\java\\java.component.html": {"path":"C:\\Users\\h.benallel\\WebstormProjects\\pandoramid\\src\\app\\components\\home\\java\\java.component.html","statementMap":{"0":{"start":{"line":1,"column":0},"end":{"line":1,"column":1705}}},"fnMap":{},"branchMap":{},"s":{"0":1},"f":{},"b":{},"_coverageSchema":"1a1c01bbd47fc00a2c39e90264f33305004495a9","hash":"dec8b3fafd26d35145ae667e72d19b13cf267dd4"}
,"C:\\Users\\h.benallel\\WebstormProjects\\pandoramid\\src\\app\\components\\home\\java\\java.component.ts": {"path":"C:\\Users\\h.benallel\\WebstormProjects\\pandoramid\\src\\app\\components\\home\\java\\java.component.ts","statementMap":{"0":{"start":{"line":1,"column":0},"end":{"line":1,"column":42}},"1":{"start":{"line":8,"column":26},"end":{"line":10,"column":null}},"2":{"start":{"line":8,"column":13},"end":{"line":10,"column":null}}},"fnMap":{},"branchMap":{},"s":{"0":1,"1":1,"2":1},"f":{},"b":{}}
,"C:\\Users\\h.benallel\\WebstormProjects\\pandoramid\\src\\app\\components\\home\\location\\location.component.html": {"path":"C:\\Users\\h.benallel\\WebstormProjects\\pandoramid\\src\\app\\components\\home\\location\\location.component.html","statementMap":{"0":{"start":{"line":1,"column":0},"end":{"line":1,"column":150}}},"fnMap":{},"branchMap":{},"s":{"0":1},"f":{},"b":{},"_coverageSchema":"1a1c01bbd47fc00a2c39e90264f33305004495a9","hash":"da02c53e65c6cb2883b472b04a579e1ea3dda1c1"}
,"C:\\Users\\h.benallel\\WebstormProjects\\pandoramid\\src\\app\\components\\home\\location\\location.component.ts": {"path":"C:\\Users\\h.benallel\\WebstormProjects\\pandoramid\\src\\app\\components\\home\\location\\location.component.ts","statementMap":{"0":{"start":{"line":1,"column":0},"end":{"line":1,"column":42}},"1":{"start":{"line":8,"column":30},"end":{"line":10,"column":null}},"2":{"start":{"line":8,"column":13},"end":{"line":10,"column":null}}},"fnMap":{},"branchMap":{},"s":{"0":1,"1":1,"2":1},"f":{},"b":{}}
,"C:\\Users\\h.benallel\\WebstormProjects\\pandoramid\\src\\app\\components\\home\\login\\login.component.html": {"path":"C:\\Users\\h.benallel\\WebstormProjects\\pandoramid\\src\\app\\components\\home\\login\\login.component.html","statementMap":{"0":{"start":{"line":1,"column":0},"end":{"line":1,"column":6892}}},"fnMap":{},"branchMap":{},"s":{"0":1},"f":{},"b":{},"_coverageSchema":"1a1c01bbd47fc00a2c39e90264f33305004495a9","hash":"4f2a90b89bd4e675602037bbb5bc161659bbdf94"}
,"C:\\Users\\h.benallel\\WebstormProjects\\pandoramid\\src\\app\\components\\home\\login\\login.component.ts": {"path":"C:\\Users\\h.benallel\\WebstormProjects\\pandoramid\\src\\app\\components\\home\\login\\login.component.ts","statementMap":{"0":{"start":{"line":1,"column":0},"end":{"line":1,"column":48}},"1":{"start":{"line":2,"column":0},"end":{"line":2,"column":66}},"2":{"start":{"line":3,"column":0},"end":{"line":3,"column":55}},"3":{"start":{"line":4,"column":0},"end":{"line":4,"column":105}},"4":{"start":{"line":21,"column":12},"end":{"line":21,"column":36}},"5":{"start":{"line":22,"column":12},"end":{"line":22,"column":33}},"6":{"start":{"line":23,"column":12},"end":{"line":23,"column":26}},"7":{"start":{"line":24,"column":12},"end":{"line":24,"column":56}},"8":{"start":{"line":15,"column":2},"end":{"line":15,"column":18}},"9":{"start":{"line":16,"column":2},"end":{"line":16,"column":20}},"10":{"start":{"line":18,"column":2},"end":{"line":18,"column":13}},"11":{"start":{"line":27,"column":4},"end":{"line":29,"column":null}},"12":{"start":{"line":28,"column":6},"end":{"line":28,"column":34}},"13":{"start":{"line":33,"column":4},"end":{"line":36,"column":7}},"14":{"start":{"line":39,"column":4},"end":{"line":39,"column":73}},"15":{"start":{"line":43,"column":12},"end":{"line":43,"column":43}},"16":{"start":{"line":46,"column":4},"end":{"line":46,"column":26}},"17":{"start":{"line":49,"column":4},"end":{"line":51,"column":null}},"18":{"start":{"line":50,"column":6},"end":{"line":50,"column":13}},"19":{"start":{"line":53,"column":4},"end":{"line":53,"column":24}},"20":{"start":{"line":54,"column":4},"end":{"line":54,"column":43}},"21":{"start":{"line":12,"column":13},"end":{"line":72,"column":null}}},"fnMap":{"0":{"name":"(anonymous_0)","decl":{"start":{"line":20,"column":2},"end":{"line":20,"column":null}},"loc":{"start":{"line":24,"column":56},"end":{"line":30,"column":3}}},"1":{"name":"(anonymous_1)","decl":{"start":{"line":32,"column":2},"end":{"line":32,"column":10}},"loc":{"start":{"line":32,"column":10},"end":{"line":40,"column":3}}},"2":{"name":"(anonymous_2)","decl":{"start":{"line":43,"column":2},"end":{"line":43,"column":6}},"loc":{"start":{"line":43,"column":7},"end":{"line":43,"column":45}}},"3":{"name":"(anonymous_3)","decl":{"start":{"line":45,"column":2},"end":{"line":45,"column":10}},"loc":{"start":{"line":45,"column":10},"end":{"line":56,"column":3}}}},"branchMap":{"0":{"loc":{"start":{"line":27,"column":4},"end":{"line":29,"column":null}},"type":"if","locations":[{"start":{"line":27,"column":4},"end":{"line":29,"column":null}}]},"1":{"loc":{"start":{"line":39,"column":21},"end":{"line":39,"column":72}},"type":"binary-expr","locations":[{"start":{"line":39,"column":21},"end":{"line":39,"column":65}},{"start":{"line":39,"column":69},"end":{"line":39,"column":72}}]},"2":{"loc":{"start":{"line":49,"column":4},"end":{"line":51,"column":null}},"type":"if","locations":[{"start":{"line":49,"column":4},"end":{"line":51,"column":null}}]}},"s":{"0":1,"1":1,"2":1,"3":1,"4":3,"5":3,"6":3,"7":3,"8":3,"9":3,"10":3,"11":3,"12":0,"13":2,"14":2,"15":0,"16":0,"17":0,"18":0,"19":0,"20":0,"21":1},"f":{"0":3,"1":2,"2":0,"3":0},"b":{"0":[0],"1":[2,1],"2":[0]}}
,"C:\\Users\\h.benallel\\WebstormProjects\\pandoramid\\src\\app\\components\\home\\node\\node.component.html": {"path":"C:\\Users\\h.benallel\\WebstormProjects\\pandoramid\\src\\app\\components\\home\\node\\node.component.html","statementMap":{"0":{"start":{"line":1,"column":0},"end":{"line":1,"column":1704}}},"fnMap":{},"branchMap":{},"s":{"0":1},"f":{},"b":{},"_coverageSchema":"1a1c01bbd47fc00a2c39e90264f33305004495a9","hash":"a7f3d2a0b9d2147277472ec02ad17f0a5806c78e"}
,"C:\\Users\\h.benallel\\WebstormProjects\\pandoramid\\src\\app\\components\\home\\node\\node.component.ts": {"path":"C:\\Users\\h.benallel\\WebstormProjects\\pandoramid\\src\\app\\components\\home\\node\\node.component.ts","statementMap":{"0":{"start":{"line":1,"column":0},"end":{"line":1,"column":42}},"1":{"start":{"line":8,"column":26},"end":{"line":10,"column":null}},"2":{"start":{"line":8,"column":13},"end":{"line":10,"column":null}}},"fnMap":{},"branchMap":{},"s":{"0":1,"1":1,"2":1},"f":{},"b":{}}
,"C:\\Users\\h.benallel\\WebstormProjects\\pandoramid\\src\\app\\components\\home\\vente\\vente.component.html": {"path":"C:\\Users\\h.benallel\\WebstormProjects\\pandoramid\\src\\app\\components\\home\\vente\\vente.component.html","statementMap":{"0":{"start":{"line":1,"column":0},"end":{"line":1,"column":135}}},"fnMap":{},"branchMap":{},"s":{"0":1},"f":{},"b":{},"_coverageSchema":"1a1c01bbd47fc00a2c39e90264f33305004495a9","hash":"acfce741e73d0a1ef42bc6a98c7deffe7ea2f3d4"}
,"C:\\Users\\h.benallel\\WebstormProjects\\pandoramid\\src\\app\\components\\home\\vente\\vente.component.ts": {"path":"C:\\Users\\h.benallel\\WebstormProjects\\pandoramid\\src\\app\\components\\home\\vente\\vente.component.ts","statementMap":{"0":{"start":{"line":1,"column":0},"end":{"line":1,"column":42}},"1":{"start":{"line":8,"column":27},"end":{"line":10,"column":null}},"2":{"start":{"line":8,"column":13},"end":{"line":10,"column":null}}},"fnMap":{},"branchMap":{},"s":{"0":1,"1":1,"2":1},"f":{},"b":{}}
,"C:\\Users\\h.benallel\\WebstormProjects\\pandoramid\\src\\app\\shared\\errors\\error.component.html": {"path":"C:\\Users\\h.benallel\\WebstormProjects\\pandoramid\\src\\app\\shared\\errors\\error.component.html","statementMap":{"0":{"start":{"line":1,"column":0},"end":{"line":1,"column":909}}},"fnMap":{},"branchMap":{},"s":{"0":1},"f":{},"b":{},"_coverageSchema":"1a1c01bbd47fc00a2c39e90264f33305004495a9","hash":"6bd4fc760972e8c960bc0a3ec09fcdd2a7935cdc"}
,"C:\\Users\\h.benallel\\WebstormProjects\\pandoramid\\src\\app\\shared\\errors\\error.component.ts": {"path":"C:\\Users\\h.benallel\\WebstormProjects\\pandoramid\\src\\app\\shared\\errors\\error.component.ts","statementMap":{"0":{"start":{"line":1,"column":0},"end":{"line":1,"column":42}},"1":{"start":{"line":8,"column":27},"end":{"line":10,"column":null}},"2":{"start":{"line":8,"column":13},"end":{"line":10,"column":null}}},"fnMap":{},"branchMap":{},"s":{"0":1,"1":1,"2":1},"f":{},"b":{}}
,"C:\\Users\\h.benallel\\WebstormProjects\\pandoramid\\src\\app\\shared\\services\\authentification\\authentification.service.ts": {"path":"C:\\Users\\h.benallel\\WebstormProjects\\pandoramid\\src\\app\\shared\\services\\authentification\\authentification.service.ts","statementMap":{"0":{"start":{"line":1,"column":0},"end":{"line":1,"column":43}},"1":{"start":{"line":2,"column":0},"end":{"line":2,"column":50}},"2":{"start":{"line":3,"column":0},"end":{"line":3,"column":51}},"3":{"start":{"line":4,"column":0},"end":{"line":4,"column":37}},"4":{"start":{"line":12,"column":22},"end":{"line":12,"column":38}},"5":{"start":{"line":13,"column":4},"end":{"line":15,"column":6}},"6":{"start":{"line":16,"column":4},"end":{"line":16,"column":62}},"7":{"start":{"line":20,"column":4},"end":{"line":20,"column":41}},"8":{"start":{"line":25,"column":4},"end":{"line":25,"column":46}},"9":{"start":{"line":26,"column":4},"end":{"line":36,"column":8}},"10":{"start":{"line":31,"column":10},"end":{"line":31,"column":65}},"11":{"start":{"line":32,"column":10},"end":{"line":32,"column":68}},"12":{"start":{"line":33,"column":10},"end":{"line":33,"column":45}},"13":{"start":{"line":34,"column":10},"end":{"line":34,"column":22}},"14":{"start":{"line":41,"column":4},"end":{"line":41,"column":43}},"15":{"start":{"line":42,"column":4},"end":{"line":42,"column":42}},"16":{"start":{"line":8,"column":13},"end":{"line":44,"column":null}}},"fnMap":{"0":{"name":"(anonymous_0)","decl":{"start":{"line":12,"column":2},"end":{"line":12,"column":22}},"loc":{"start":{"line":12,"column":38},"end":{"line":17,"column":3}}},"1":{"name":"(anonymous_1)","decl":{"start":{"line":19,"column":2},"end":{"line":19,"column":13}},"loc":{"start":{"line":19,"column":29},"end":{"line":21,"column":3}}},"2":{"name":"(anonymous_2)","decl":{"start":{"line":23,"column":2},"end":{"line":23,"column":7}},"loc":{"start":{"line":23,"column":42},"end":{"line":37,"column":3}}},"3":{"name":"(anonymous_3)","decl":{"start":{"line":29,"column":12},"end":{"line":29,"column":16}},"loc":{"start":{"line":29,"column":19},"end":{"line":35,"column":9}}},"4":{"name":"(anonymous_4)","decl":{"start":{"line":39,"column":2},"end":{"line":39,"column":8}},"loc":{"start":{"line":39,"column":8},"end":{"line":43,"column":3}}}},"branchMap":{"0":{"loc":{"start":{"line":14,"column":17},"end":{"line":14,"column":60}},"type":"binary-expr","locations":[{"start":{"line":14,"column":17},"end":{"line":14,"column":52}},{"start":{"line":14,"column":56},"end":{"line":14,"column":60}}]}},"s":{"0":4,"1":4,"2":4,"3":4,"4":3,"5":3,"6":3,"7":0,"8":1,"9":1,"10":1,"11":1,"12":1,"13":1,"14":1,"15":1,"16":4},"f":{"0":3,"1":0,"2":1,"3":1,"4":1},"b":{"0":[3,2]}}
,"C:\\Users\\h.benallel\\WebstormProjects\\pandoramid\\src\\app\\shared\\services\\helper\\auth.guard.ts": {"path":"C:\\Users\\h.benallel\\WebstormProjects\\pandoramid\\src\\app\\shared\\services\\helper\\auth.guard.ts","statementMap":{"0":{"start":{"line":1,"column":0},"end":{"line":1,"column":43}},"1":{"start":{"line":2,"column":0},"end":{"line":2,"column":99}},"2":{"start":{"line":4,"column":0},"end":{"line":4,"column":85}},"3":{"start":{"line":9,"column":12},"end":{"line":9,"column":26}},"4":{"start":{"line":10,"column":12},"end":{"line":10,"column":56}},"5":{"start":{"line":15,"column":24},"end":{"line":15,"column":67}},"6":{"start":{"line":16,"column":4},"end":{"line":16,"column":36}},"7":{"start":{"line":17,"column":4},"end":{"line":20,"column":null}},"8":{"start":{"line":19,"column":6},"end":{"line":19,"column":18}},"9":{"start":{"line":23,"column":4},"end":{"line":23,"column":91}},"10":{"start":{"line":24,"column":4},"end":{"line":24,"column":17}},"11":{"start":{"line":7,"column":13},"end":{"line":26,"column":null}}},"fnMap":{"0":{"name":"(anonymous_0)","decl":{"start":{"line":8,"column":2},"end":{"line":8,"column":null}},"loc":{"start":{"line":10,"column":56},"end":{"line":11,"column":7}}},"1":{"name":"(anonymous_1)","decl":{"start":{"line":13,"column":2},"end":{"line":13,"column":13}},"loc":{"start":{"line":13,"column":71},"end":{"line":25,"column":3}}}},"branchMap":{"0":{"loc":{"start":{"line":17,"column":4},"end":{"line":20,"column":null}},"type":"if","locations":[{"start":{"line":17,"column":4},"end":{"line":20,"column":null}}]}},"s":{"0":1,"1":1,"2":1,"3":3,"4":3,"5":0,"6":0,"7":0,"8":0,"9":0,"10":0,"11":1},"f":{"0":3,"1":0},"b":{"0":[0]}}
,"C:\\Users\\h.benallel\\WebstormProjects\\pandoramid\\src\\app\\shared\\services\\helper\\basic-auth.interceptor.ts": {"path":"C:\\Users\\h.benallel\\WebstormProjects\\pandoramid\\src\\app\\shared\\services\\helper\\basic-auth.interceptor.ts","statementMap":{"0":{"start":{"line":1,"column":0},"end":{"line":1,"column":43}},"1":{"start":{"line":5,"column":0},"end":{"line":5,"column":85}},"2":{"start":{"line":9,"column":22},"end":{"line":9,"column":66}},"3":{"start":{"line":13,"column":24},"end":{"line":13,"column":67}},"4":{"start":{"line":14,"column":4},"end":{"line":20,"column":null}},"5":{"start":{"line":15,"column":6},"end":{"line":19,"column":9}},"6":{"start":{"line":22,"column":4},"end":{"line":22,"column":32}},"7":{"start":{"line":8,"column":13},"end":{"line":24,"column":null}}},"fnMap":{"0":{"name":"(anonymous_0)","decl":{"start":{"line":9,"column":2},"end":{"line":9,"column":22}},"loc":{"start":{"line":9,"column":66},"end":{"line":9,"column":71}}},"1":{"name":"(anonymous_1)","decl":{"start":{"line":11,"column":2},"end":{"line":11,"column":11}},"loc":{"start":{"line":11,"column":56},"end":{"line":23,"column":3}}}},"branchMap":{"0":{"loc":{"start":{"line":14,"column":4},"end":{"line":20,"column":null}},"type":"if","locations":[{"start":{"line":14,"column":4},"end":{"line":20,"column":null}}]},"1":{"loc":{"start":{"line":14,"column":8},"end":{"line":14,"column":43}},"type":"binary-expr","locations":[{"start":{"line":14,"column":8},"end":{"line":14,"column":19}},{"start":{"line":14,"column":23},"end":{"line":14,"column":43}}]}},"s":{"0":1,"1":1,"2":0,"3":0,"4":0,"5":0,"6":0,"7":1},"f":{"0":0,"1":0},"b":{"0":[0],"1":[0,0]}}
,"C:\\Users\\h.benallel\\WebstormProjects\\pandoramid\\src\\app\\shared\\services\\helper\\error.interceptor.ts": {"path":"C:\\Users\\h.benallel\\WebstormProjects\\pandoramid\\src\\app\\shared\\services\\helper\\error.interceptor.ts","statementMap":{"0":{"start":{"line":1,"column":0},"end":{"line":1,"column":43}},"1":{"start":{"line":16,"column":4},"end":{"line":16,"column":32}},"2":{"start":{"line":11,"column":13},"end":{"line":18,"column":null}}},"fnMap":{"0":{"name":"(anonymous_0)","decl":{"start":{"line":13,"column":2},"end":{"line":13,"column":17}},"loc":{"start":{"line":13,"column":2},"end":{"line":13,"column":18}}},"1":{"name":"(anonymous_1)","decl":{"start":{"line":15,"column":2},"end":{"line":15,"column":11}},"loc":{"start":{"line":15,"column":60},"end":{"line":17,"column":3}}}},"branchMap":{},"s":{"0":1,"1":0,"2":1},"f":{"0":1,"1":0},"b":{}}
,"C:\\Users\\h.benallel\\WebstormProjects\\pandoramid\\src\\app\\shared\\services\\model\\user.ts": {"path":"C:\\Users\\h.benallel\\WebstormProjects\\pandoramid\\src\\app\\shared\\services\\model\\user.ts","statementMap":{"0":{"start":{"line":1,"column":0},"end":{"line":1,"column":13}}},"fnMap":{},"branchMap":{},"s":{"0":1},"f":{},"b":{}}
,"C:\\Users\\h.benallel\\WebstormProjects\\pandoramid\\src\\app\\shared\\services\\nest\\nest.service.ts": {"path":"C:\\Users\\h.benallel\\WebstormProjects\\pandoramid\\src\\app\\shared\\services\\nest\\nest.service.ts","statementMap":{"0":{"start":{"line":1,"column":0},"end":{"line":1,"column":43}},"1":{"start":{"line":2,"column":0},"end":{"line":2,"column":79}},"2":{"start":{"line":3,"column":0},"end":{"line":3,"column":61}},"3":{"start":{"line":17,"column":22},"end":{"line":17,"column":38}},"4":{"start":{"line":9,"column":2},"end":{"line":15,"column":4}},"5":{"start":{"line":16,"column":2},"end":{"line":16,"column":36}},"6":{"start":{"line":20,"column":4},"end":{"line":20,"column":59}},"7":{"start":{"line":8,"column":13},"end":{"line":22,"column":null}}},"fnMap":{"0":{"name":"(anonymous_0)","decl":{"start":{"line":17,"column":2},"end":{"line":17,"column":22}},"loc":{"start":{"line":17,"column":38},"end":{"line":17,"column":43}}},"1":{"name":"(anonymous_1)","decl":{"start":{"line":19,"column":2},"end":{"line":19,"column":16}},"loc":{"start":{"line":19,"column":16},"end":{"line":21,"column":3}}}},"branchMap":{},"s":{"0":1,"1":1,"2":1,"3":0,"4":0,"5":0,"6":0,"7":1},"f":{"0":0,"1":0},"b":{}}
,"C:\\Users\\h.benallel\\WebstormProjects\\pandoramid\\src\\environments\\environment.development.ts": {"path":"C:\\Users\\h.benallel\\WebstormProjects\\pandoramid\\src\\environments\\environment.development.ts","statementMap":{"0":{"start":{"line":1,"column":13},"end":{"line":4,"column":2}}},"fnMap":{},"branchMap":{},"s":{"0":1},"f":{},"b":{}}
}
