{"C:\\Users\\hamid\\WebstormProjects\\hybrid-sites\\src\\app\\app.component.html": {"path":"C:\\Users\\hamid\\WebstormProjects\\hybrid-sites\\src\\app\\app.component.html","statementMap":{"0":{"start":{"line":1,"column":0},"end":{"line":1,"column":52}}},"fnMap":{},"branchMap":{},"s":{"0":1},"f":{},"b":{},"_coverageSchema":"1a1c01bbd47fc00a2c39e90264f33305004495a9","hash":"a5b992a3cbffed5f8267b1f8b6703060ae94db2f"}
,"C:\\Users\\hamid\\WebstormProjects\\hybrid-sites\\src\\app\\app.component.ts": {"path":"C:\\Users\\hamid\\WebstormProjects\\hybrid-sites\\src\\app\\app.component.ts","statementMap":{"0":{"start":{"line":1,"column":0},"end":{"line":1,"column":75}},"1":{"start":{"line":2,"column":0},"end":{"line":2,"column":55}},"2":{"start":{"line":3,"column":0},"end":{"line":3,"column":65}},"3":{"start":{"line":4,"column":0},"end":{"line":4,"column":77}},"4":{"start":{"line":5,"column":0},"end":{"line":5,"column":53}},"5":{"start":{"line":6,"column":0},"end":{"line":6,"column":70}},"6":{"start":{"line":7,"column":0},"end":{"line":7,"column":68}},"7":{"start":{"line":8,"column":0},"end":{"line":8,"column":59}},"8":{"start":{"line":9,"column":0},"end":{"line":9,"column":76}},"9":{"start":{"line":10,"column":0},"end":{"line":10,"column":80}},"10":{"start":{"line":11,"column":0},"end":{"line":11,"column":40}},"11":{"start":{"line":35,"column":4},"end":{"line":35,"column":69}},"12":{"start":{"line":36,"column":4},"end":{"line":36,"column":58}},"13":{"start":{"line":40,"column":4},"end":{"line":40,"column":19}},"14":{"start":{"line":33,"column":13},"end":{"line":33,"column":25}},"15":{"start":{"line":33,"column":13},"end":{"line":42,"column":null}}},"fnMap":{"0":{"name":"(anonymous_0)","decl":{"start":{"line":34,"column":2},"end":{"line":34,"column":14}},"loc":{"start":{"line":34,"column":41},"end":{"line":37,"column":3}}},"1":{"name":"(anonymous_1)","decl":{"start":{"line":39,"column":2},"end":{"line":39,"column":10}},"loc":{"start":{"line":39,"column":10},"end":{"line":41,"column":3}}}},"branchMap":{"0":{"loc":{"start":{"line":35,"column":29},"end":{"line":35,"column":67}},"type":"binary-expr","locations":[{"start":{"line":35,"column":29},"end":{"line":35,"column":59}},{"start":{"line":35,"column":63},"end":{"line":35,"column":67}}]},"1":{"loc":{"start":{"line":36,"column":18},"end":{"line":36,"column":56}},"type":"binary-expr","locations":[{"start":{"line":36,"column":18},"end":{"line":36,"column":48}},{"start":{"line":36,"column":52},"end":{"line":36,"column":56}}]}},"s":{"0":1,"1":1,"2":1,"3":1,"4":1,"5":1,"6":1,"7":1,"8":1,"9":1,"10":1,"11":0,"12":0,"13":0,"14":1,"15":1},"f":{"0":0,"1":0},"b":{"0":[0,0],"1":[0,0]}}
,"C:\\Users\\hamid\\WebstormProjects\\hybrid-sites\\src\\app\\components\\curiculum\\curiculum.component.html": {"path":"C:\\Users\\hamid\\WebstormProjects\\hybrid-sites\\src\\app\\components\\curiculum\\curiculum.component.html","statementMap":{"0":{"start":{"line":1,"column":0},"end":{"line":1,"column":362}}},"fnMap":{},"branchMap":{},"s":{"0":1},"f":{},"b":{},"_coverageSchema":"1a1c01bbd47fc00a2c39e90264f33305004495a9","hash":"2b9124f6f9992d4add7b532c410b62b5ce2ebd0d"}
,"C:\\Users\\hamid\\WebstormProjects\\hybrid-sites\\src\\app\\components\\curiculum\\curiculum.component.ts": {"path":"C:\\Users\\hamid\\WebstormProjects\\hybrid-sites\\src\\app\\components\\curiculum\\curiculum.component.ts","statementMap":{"0":{"start":{"line":1,"column":0},"end":{"line":1,"column":86}},"1":{"start":{"line":2,"column":0},"end":{"line":2,"column":55}},"2":{"start":{"line":3,"column":0},"end":{"line":3,"column":68}},"3":{"start":{"line":4,"column":0},"end":{"line":4,"column":68}},"4":{"start":{"line":5,"column":0},"end":{"line":5,"column":93}},"5":{"start":{"line":22,"column":21},"end":{"line":22,"column":48}},"6":{"start":{"line":23,"column":4},"end":{"line":23,"column":69}},"7":{"start":{"line":21,"column":13},"end":{"line":21,"column":31}},"8":{"start":{"line":21,"column":13},"end":{"line":25,"column":null}}},"fnMap":{"0":{"name":"(anonymous_0)","decl":{"start":{"line":22,"column":2},"end":{"line":22,"column":21}},"loc":{"start":{"line":22,"column":48},"end":{"line":24,"column":3}}}},"branchMap":{"0":{"loc":{"start":{"line":23,"column":29},"end":{"line":23,"column":67}},"type":"binary-expr","locations":[{"start":{"line":23,"column":29},"end":{"line":23,"column":59}},{"start":{"line":23,"column":63},"end":{"line":23,"column":67}}]}},"s":{"0":1,"1":1,"2":1,"3":1,"4":1,"5":0,"6":0,"7":1,"8":1},"f":{"0":0},"b":{"0":[0,0]}}
,"C:\\Users\\hamid\\WebstormProjects\\hybrid-sites\\src\\app\\components\\curiculum\\cv-deskop\\cv-deskop.component.html": {"path":"C:\\Users\\hamid\\WebstormProjects\\hybrid-sites\\src\\app\\components\\curiculum\\cv-deskop\\cv-deskop.component.html","statementMap":{"0":{"start":{"line":1,"column":0},"end":{"line":1,"column":5727}}},"fnMap":{},"branchMap":{},"s":{"0":2},"f":{},"b":{},"_coverageSchema":"1a1c01bbd47fc00a2c39e90264f33305004495a9","hash":"27c54adf7153cbc1f117369559dd7012307502d0"}
,"C:\\Users\\hamid\\WebstormProjects\\hybrid-sites\\src\\app\\components\\curiculum\\cv-deskop\\cv-deskop.component.ts": {"path":"C:\\Users\\hamid\\WebstormProjects\\hybrid-sites\\src\\app\\components\\curiculum\\cv-deskop\\cv-deskop.component.ts","statementMap":{"0":{"start":{"line":1,"column":0},"end":{"line":1,"column":67}},"1":{"start":{"line":2,"column":0},"end":{"line":2,"column":74}},"2":{"start":{"line":3,"column":0},"end":{"line":3,"column":54}},"3":{"start":{"line":4,"column":0},"end":{"line":4,"column":65}},"4":{"start":{"line":19,"column":22},"end":{"line":19,"column":56}},"5":{"start":{"line":23,"column":4},"end":{"line":23,"column":40}},"6":{"start":{"line":18,"column":13},"end":{"line":18,"column":30}},"7":{"start":{"line":18,"column":13},"end":{"line":25,"column":null}}},"fnMap":{"0":{"name":"(anonymous_0)","decl":{"start":{"line":19,"column":2},"end":{"line":19,"column":22}},"loc":{"start":{"line":19,"column":56},"end":{"line":20,"column":3}}},"1":{"name":"(anonymous_1)","decl":{"start":{"line":22,"column":2},"end":{"line":22,"column":19}},"loc":{"start":{"line":22,"column":19},"end":{"line":24,"column":3}}}},"branchMap":{},"s":{"0":2,"1":2,"2":2,"3":2,"4":0,"5":0,"6":2,"7":2},"f":{"0":0,"1":0},"b":{}}
,"C:\\Users\\hamid\\WebstormProjects\\hybrid-sites\\src\\app\\components\\curiculum\\cv-mobile\\cv-mobile.component.html": {"path":"C:\\Users\\hamid\\WebstormProjects\\hybrid-sites\\src\\app\\components\\curiculum\\cv-mobile\\cv-mobile.component.html","statementMap":{"0":{"start":{"line":1,"column":0},"end":{"line":1,"column":4743}}},"fnMap":{},"branchMap":{},"s":{"0":2},"f":{},"b":{},"_coverageSchema":"1a1c01bbd47fc00a2c39e90264f33305004495a9","hash":"cf81d4d24ba8d3ab2e954af169f052b39c385050"}
,"C:\\Users\\hamid\\WebstormProjects\\hybrid-sites\\src\\app\\components\\curiculum\\cv-mobile\\cv-mobile.component.ts": {"path":"C:\\Users\\hamid\\WebstormProjects\\hybrid-sites\\src\\app\\components\\curiculum\\cv-mobile\\cv-mobile.component.ts","statementMap":{"0":{"start":{"line":1,"column":0},"end":{"line":1,"column":86}},"1":{"start":{"line":2,"column":0},"end":{"line":2,"column":74}},"2":{"start":{"line":3,"column":0},"end":{"line":3,"column":54}},"3":{"start":{"line":4,"column":0},"end":{"line":4,"column":88}},"4":{"start":{"line":5,"column":0},"end":{"line":5,"column":65}},"5":{"start":{"line":6,"column":0},"end":{"line":6,"column":45}},"6":{"start":{"line":24,"column":22},"end":{"line":24,"column":56}},"7":{"start":{"line":28,"column":4},"end":{"line":28,"column":40}},"8":{"start":{"line":23,"column":13},"end":{"line":23,"column":30}},"9":{"start":{"line":23,"column":13},"end":{"line":30,"column":null}}},"fnMap":{"0":{"name":"(anonymous_0)","decl":{"start":{"line":24,"column":2},"end":{"line":24,"column":22}},"loc":{"start":{"line":24,"column":56},"end":{"line":25,"column":3}}},"1":{"name":"(anonymous_1)","decl":{"start":{"line":27,"column":2},"end":{"line":27,"column":19}},"loc":{"start":{"line":27,"column":19},"end":{"line":29,"column":3}}}},"branchMap":{},"s":{"0":2,"1":2,"2":2,"3":2,"4":2,"5":2,"6":0,"7":0,"8":2,"9":2},"f":{"0":0,"1":0},"b":{}}
,"C:\\Users\\hamid\\WebstormProjects\\hybrid-sites\\src\\app\\components\\curiculum\\cv-mobile\\header-cv-mobile\\header-cv-mobile.component.html": {"path":"C:\\Users\\hamid\\WebstormProjects\\hybrid-sites\\src\\app\\components\\curiculum\\cv-mobile\\header-cv-mobile\\header-cv-mobile.component.html","statementMap":{"0":{"start":{"line":1,"column":0},"end":{"line":1,"column":886}}},"fnMap":{},"branchMap":{},"s":{"0":3},"f":{},"b":{},"_coverageSchema":"1a1c01bbd47fc00a2c39e90264f33305004495a9","hash":"63c12f328bf24043d3c5f15d58172cbfc24634ee"}
,"C:\\Users\\hamid\\WebstormProjects\\hybrid-sites\\src\\app\\components\\curiculum\\cv-mobile\\header-cv-mobile\\header-cv-mobile.component.ts": {"path":"C:\\Users\\hamid\\WebstormProjects\\hybrid-sites\\src\\app\\components\\curiculum\\cv-mobile\\header-cv-mobile\\header-cv-mobile.component.ts","statementMap":{"0":{"start":{"line":1,"column":0},"end":{"line":1,"column":67}},"1":{"start":{"line":2,"column":0},"end":{"line":2,"column":54}},"2":{"start":{"line":14,"column":7},"end":{"line":16,"column":null}},"3":{"start":{"line":14,"column":13},"end":{"line":14,"column":36}},"4":{"start":{"line":14,"column":13},"end":{"line":16,"column":null}}},"fnMap":{},"branchMap":{},"s":{"0":3,"1":3,"2":3,"3":3,"4":3},"f":{},"b":{}}
,"C:\\Users\\hamid\\WebstormProjects\\hybrid-sites\\src\\app\\components\\curiculum\\service\\curiculum\\curiculum.service.ts": {"path":"C:\\Users\\hamid\\WebstormProjects\\hybrid-sites\\src\\app\\components\\curiculum\\service\\curiculum\\curiculum.service.ts","statementMap":{"0":{"start":{"line":1,"column":0},"end":{"line":1,"column":43}},"1":{"start":{"line":2,"column":0},"end":{"line":2,"column":65}},"2":{"start":{"line":8,"column":22},"end":{"line":8,"column":41}},"3":{"start":{"line":12,"column":19},"end":{"line":12,"column":68}},"4":{"start":{"line":13,"column":17},"end":{"line":13,"column":44}},"5":{"start":{"line":14,"column":4},"end":{"line":14,"column":23}},"6":{"start":{"line":15,"column":4},"end":{"line":15,"column":29}},"7":{"start":{"line":16,"column":4},"end":{"line":16,"column":17}},"8":{"start":{"line":7,"column":13},"end":{"line":7,"column":29}},"9":{"start":{"line":7,"column":13},"end":{"line":18,"column":null}}},"fnMap":{"0":{"name":"(anonymous_0)","decl":{"start":{"line":8,"column":2},"end":{"line":8,"column":22}},"loc":{"start":{"line":8,"column":41},"end":{"line":9,"column":3}}},"1":{"name":"(anonymous_1)","decl":{"start":{"line":11,"column":2},"end":{"line":11,"column":13}},"loc":{"start":{"line":11,"column":13},"end":{"line":17,"column":3}}}},"branchMap":{},"s":{"0":4,"1":4,"2":2,"3":0,"4":0,"5":0,"6":0,"7":0,"8":4,"9":4},"f":{"0":2,"1":0},"b":{}}
,"C:\\Users\\hamid\\WebstormProjects\\hybrid-sites\\src\\app\\components\\curiculum\\service\\cv-base64\\cv-base64.service.ts": {"path":"C:\\Users\\hamid\\WebstormProjects\\hybrid-sites\\src\\app\\components\\curiculum\\service\\cv-base64\\cv-base64.service.ts","statementMap":{"0":{"start":{"line":1,"column":0},"end":{"line":1,"column":43}},"1":{"start":{"line":6,"column":7},"end":{"line":9,"column":null}},"2":{"start":{"line":7,"column":9},"end":{"line":7,"column":246043}},"3":{"start":{"line":8,"column":9},"end":{"line":8,"column":246047}},"4":{"start":{"line":6,"column":13},"end":{"line":6,"column":28}},"5":{"start":{"line":6,"column":13},"end":{"line":9,"column":null}}},"fnMap":{"0":{"name":"(anonymous_0)","decl":{"start":{"line":6,"column":7},"end":{"line":6,"column":13}},"loc":{"start":{"line":6,"column":7},"end":{"line":9,"column":1}}}},"branchMap":{},"s":{"0":5,"1":5,"2":3,"3":3,"4":5,"5":5},"f":{"0":3},"b":{}}
,"C:\\Users\\hamid\\WebstormProjects\\hybrid-sites\\src\\app\\components\\formation\\formation.component.html": {"path":"C:\\Users\\hamid\\WebstormProjects\\hybrid-sites\\src\\app\\components\\formation\\formation.component.html","statementMap":{"0":{"start":{"line":1,"column":0},"end":{"line":1,"column":1412}}},"fnMap":{},"branchMap":{},"s":{"0":1},"f":{},"b":{},"_coverageSchema":"1a1c01bbd47fc00a2c39e90264f33305004495a9","hash":"1e6616c4e9b8518d479c4383f92f9f65684571c6"}
,"C:\\Users\\hamid\\WebstormProjects\\hybrid-sites\\src\\app\\components\\formation\\formation.component.ts": {"path":"C:\\Users\\hamid\\WebstormProjects\\hybrid-sites\\src\\app\\components\\formation\\formation.component.ts","statementMap":{"0":{"start":{"line":1,"column":0},"end":{"line":1,"column":67}},"1":{"start":{"line":2,"column":0},"end":{"line":2,"column":66}},"2":{"start":{"line":3,"column":0},"end":{"line":3,"column":47}},"3":{"start":{"line":4,"column":0},"end":{"line":4,"column":72}},"4":{"start":{"line":5,"column":0},"end":{"line":5,"column":93}},"5":{"start":{"line":6,"column":0},"end":{"line":6,"column":77}},"6":{"start":{"line":22,"column":2},"end":{"line":27,"column":4}},"7":{"start":{"line":29,"column":2},"end":{"line":29,"column":54}},"8":{"start":{"line":30,"column":2},"end":{"line":30,"column":25}},"9":{"start":{"line":32,"column":2},"end":{"line":34,"column":5}},"10":{"start":{"line":37,"column":4},"end":{"line":37,"column":69}},"11":{"start":{"line":38,"column":4},"end":{"line":40,"column":7}},"12":{"start":{"line":39,"column":6},"end":{"line":39,"column":25}},"13":{"start":{"line":21,"column":13},"end":{"line":21,"column":31}},"14":{"start":{"line":21,"column":13},"end":{"line":42,"column":null}}},"fnMap":{"0":{"name":"(anonymous_0)","decl":{"start":{"line":36,"column":2},"end":{"line":36,"column":14}},"loc":{"start":{"line":36,"column":41},"end":{"line":41,"column":3}}},"1":{"name":"(anonymous_1)","decl":{"start":{"line":38,"column":49},"end":{"line":38,"column":50}},"loc":{"start":{"line":38,"column":55},"end":{"line":40,"column":5}}}},"branchMap":{"0":{"loc":{"start":{"line":37,"column":29},"end":{"line":37,"column":67}},"type":"binary-expr","locations":[{"start":{"line":37,"column":29},"end":{"line":37,"column":59}},{"start":{"line":37,"column":63},"end":{"line":37,"column":67}}]}},"s":{"0":1,"1":1,"2":1,"3":1,"4":1,"5":1,"6":0,"7":0,"8":0,"9":0,"10":0,"11":0,"12":0,"13":1,"14":1},"f":{"0":0,"1":0},"b":{"0":[0,0]}}
,"C:\\Users\\hamid\\WebstormProjects\\hybrid-sites\\src\\app\\components\\freelance\\freelance.component.html": {"path":"C:\\Users\\hamid\\WebstormProjects\\hybrid-sites\\src\\app\\components\\freelance\\freelance.component.html","statementMap":{"0":{"start":{"line":1,"column":0},"end":{"line":1,"column":1114}}},"fnMap":{},"branchMap":{},"s":{"0":2},"f":{},"b":{},"_coverageSchema":"1a1c01bbd47fc00a2c39e90264f33305004495a9","hash":"914caba1216dfcae049dcd7b566660afffef4031"}
,"C:\\Users\\hamid\\WebstormProjects\\hybrid-sites\\src\\app\\components\\freelance\\freelance.component.ts": {"path":"C:\\Users\\hamid\\WebstormProjects\\hybrid-sites\\src\\app\\components\\freelance\\freelance.component.ts","statementMap":{"0":{"start":{"line":1,"column":0},"end":{"line":1,"column":42}},"1":{"start":{"line":2,"column":0},"end":{"line":2,"column":72}},"2":{"start":{"line":3,"column":0},"end":{"line":3,"column":93}},"3":{"start":{"line":4,"column":0},"end":{"line":4,"column":51}},"4":{"start":{"line":19,"column":4},"end":{"line":19,"column":69}},"5":{"start":{"line":17,"column":13},"end":{"line":17,"column":31}},"6":{"start":{"line":17,"column":13},"end":{"line":21,"column":null}}},"fnMap":{"0":{"name":"(anonymous_0)","decl":{"start":{"line":18,"column":2},"end":{"line":18,"column":14}},"loc":{"start":{"line":18,"column":41},"end":{"line":20,"column":3}}}},"branchMap":{"0":{"loc":{"start":{"line":19,"column":29},"end":{"line":19,"column":67}},"type":"binary-expr","locations":[{"start":{"line":19,"column":29},"end":{"line":19,"column":59}},{"start":{"line":19,"column":63},"end":{"line":19,"column":67}}]}},"s":{"0":2,"1":2,"2":2,"3":2,"4":0,"5":2,"6":2},"f":{"0":0},"b":{"0":[0,0]}}
,"C:\\Users\\hamid\\WebstormProjects\\hybrid-sites\\src\\app\\components\\home\\home.component.html": {"path":"C:\\Users\\hamid\\WebstormProjects\\hybrid-sites\\src\\app\\components\\home\\home.component.html","statementMap":{"0":{"start":{"line":1,"column":0},"end":{"line":1,"column":85}}},"fnMap":{},"branchMap":{},"s":{"0":1},"f":{},"b":{},"_coverageSchema":"1a1c01bbd47fc00a2c39e90264f33305004495a9","hash":"2246666e37854d651fcc72c78a8e004fe1df7093"}
,"C:\\Users\\hamid\\WebstormProjects\\hybrid-sites\\src\\app\\components\\home\\home.component.ts": {"path":"C:\\Users\\hamid\\WebstormProjects\\hybrid-sites\\src\\app\\components\\home\\home.component.ts","statementMap":{"0":{"start":{"line":1,"column":0},"end":{"line":1,"column":67}},"1":{"start":{"line":2,"column":0},"end":{"line":2,"column":60}},"2":{"start":{"line":3,"column":0},"end":{"line":3,"column":63}},"3":{"start":{"line":13,"column":7},"end":{"line":14,"column":null}},"4":{"start":{"line":13,"column":13},"end":{"line":13,"column":26}},"5":{"start":{"line":13,"column":13},"end":{"line":14,"column":null}}},"fnMap":{},"branchMap":{},"s":{"0":1,"1":1,"2":1,"3":1,"4":1,"5":1},"f":{},"b":{}}
,"C:\\Users\\hamid\\WebstormProjects\\hybrid-sites\\src\\app\\components\\home\\content\\content.component.html": {"path":"C:\\Users\\hamid\\WebstormProjects\\hybrid-sites\\src\\app\\components\\home\\content\\content.component.html","statementMap":{"0":{"start":{"line":1,"column":0},"end":{"line":1,"column":1889}}},"fnMap":{},"branchMap":{},"s":{"0":2},"f":{},"b":{},"_coverageSchema":"1a1c01bbd47fc00a2c39e90264f33305004495a9","hash":"7d76c5de510cec8769c776bb562571e08ea07b9a"}
,"C:\\Users\\hamid\\WebstormProjects\\hybrid-sites\\src\\app\\components\\home\\content\\content.component.ts": {"path":"C:\\Users\\hamid\\WebstormProjects\\hybrid-sites\\src\\app\\components\\home\\content\\content.component.ts","statementMap":{"0":{"start":{"line":1,"column":0},"end":{"line":1,"column":67}},"1":{"start":{"line":2,"column":0},"end":{"line":2,"column":72}},"2":{"start":{"line":15,"column":21},"end":{"line":15,"column":48}},"3":{"start":{"line":14,"column":13},"end":{"line":14,"column":29}},"4":{"start":{"line":14,"column":13},"end":{"line":17,"column":null}}},"fnMap":{"0":{"name":"(anonymous_0)","decl":{"start":{"line":15,"column":2},"end":{"line":15,"column":21}},"loc":{"start":{"line":15,"column":48},"end":{"line":16,"column":3}}}},"branchMap":{},"s":{"0":2,"1":2,"2":0,"3":2,"4":2},"f":{"0":0},"b":{}}
,"C:\\Users\\hamid\\WebstormProjects\\hybrid-sites\\src\\app\\components\\home\\header\\header.component.html": {"path":"C:\\Users\\hamid\\WebstormProjects\\hybrid-sites\\src\\app\\components\\home\\header\\header.component.html","statementMap":{"0":{"start":{"line":1,"column":0},"end":{"line":1,"column":172}}},"fnMap":{},"branchMap":{},"s":{"0":4},"f":{},"b":{},"_coverageSchema":"1a1c01bbd47fc00a2c39e90264f33305004495a9","hash":"958fc500915b8c9f5f4f4dbe0067c8a8c7c0017c"}
,"C:\\Users\\hamid\\WebstormProjects\\hybrid-sites\\src\\app\\components\\home\\header\\header.component.ts": {"path":"C:\\Users\\hamid\\WebstormProjects\\hybrid-sites\\src\\app\\components\\home\\header\\header.component.ts","statementMap":{"0":{"start":{"line":1,"column":0},"end":{"line":1,"column":67}},"1":{"start":{"line":2,"column":0},"end":{"line":2,"column":47}},"2":{"start":{"line":3,"column":0},"end":{"line":3,"column":80}},"3":{"start":{"line":4,"column":0},"end":{"line":4,"column":80}},"4":{"start":{"line":13,"column":7},"end":{"line":15,"column":null}},"5":{"start":{"line":13,"column":13},"end":{"line":13,"column":28}},"6":{"start":{"line":13,"column":13},"end":{"line":15,"column":null}}},"fnMap":{},"branchMap":{},"s":{"0":4,"1":4,"2":4,"3":4,"4":4,"5":4,"6":4},"f":{},"b":{}}
,"C:\\Users\\hamid\\WebstormProjects\\hybrid-sites\\src\\app\\components\\home\\header\\header-deskop\\header-deskop.component.html": {"path":"C:\\Users\\hamid\\WebstormProjects\\hybrid-sites\\src\\app\\components\\home\\header\\header-deskop\\header-deskop.component.html","statementMap":{"0":{"start":{"line":1,"column":0},"end":{"line":1,"column":2408}}},"fnMap":{},"branchMap":{},"s":{"0":10},"f":{},"b":{},"_coverageSchema":"1a1c01bbd47fc00a2c39e90264f33305004495a9","hash":"04dc3f227588f63308412f69d6b33d3514afb1cf"}
,"C:\\Users\\hamid\\WebstormProjects\\hybrid-sites\\src\\app\\components\\home\\header\\header-deskop\\header-deskop.component.ts": {"path":"C:\\Users\\hamid\\WebstormProjects\\hybrid-sites\\src\\app\\components\\home\\header\\header-deskop\\header-deskop.component.ts","statementMap":{"0":{"start":{"line":1,"column":0},"end":{"line":1,"column":67}},"1":{"start":{"line":2,"column":0},"end":{"line":2,"column":53}},"2":{"start":{"line":3,"column":0},"end":{"line":3,"column":54}},"3":{"start":{"line":4,"column":0},"end":{"line":4,"column":51}},"4":{"start":{"line":20,"column":22},"end":{"line":20,"column":36}},"5":{"start":{"line":19,"column":2},"end":{"line":19,"column":26}},"6":{"start":{"line":24,"column":4},"end":{"line":24,"column":37}},"7":{"start":{"line":28,"column":4},"end":{"line":28,"column":28}},"8":{"start":{"line":18,"column":13},"end":{"line":18,"column":34}},"9":{"start":{"line":18,"column":13},"end":{"line":30,"column":null}}},"fnMap":{"0":{"name":"(anonymous_0)","decl":{"start":{"line":20,"column":2},"end":{"line":20,"column":22}},"loc":{"start":{"line":20,"column":36},"end":{"line":21,"column":3}}},"1":{"name":"(anonymous_1)","decl":{"start":{"line":23,"column":2},"end":{"line":23,"column":10}},"loc":{"start":{"line":23,"column":24},"end":{"line":25,"column":3}}},"2":{"name":"(anonymous_2)","decl":{"start":{"line":27,"column":2},"end":{"line":27,"column":15}},"loc":{"start":{"line":27,"column":29},"end":{"line":29,"column":3}}}},"branchMap":{},"s":{"0":10,"1":10,"2":10,"3":10,"4":0,"5":0,"6":0,"7":0,"8":10,"9":10},"f":{"0":0,"1":0,"2":0},"b":{}}
,"C:\\Users\\hamid\\WebstormProjects\\hybrid-sites\\src\\app\\components\\home\\header\\header-mobile\\header-mobile.component.html": {"path":"C:\\Users\\hamid\\WebstormProjects\\hybrid-sites\\src\\app\\components\\home\\header\\header-mobile\\header-mobile.component.html","statementMap":{"0":{"start":{"line":1,"column":0},"end":{"line":1,"column":2391}}},"fnMap":{},"branchMap":{},"s":{"0":5},"f":{},"b":{},"_coverageSchema":"1a1c01bbd47fc00a2c39e90264f33305004495a9","hash":"e76c0e89dab421ceb603d235ae3e252cbe799675"}
,"C:\\Users\\hamid\\WebstormProjects\\hybrid-sites\\src\\app\\components\\home\\header\\header-mobile\\header-mobile.component.ts": {"path":"C:\\Users\\hamid\\WebstormProjects\\hybrid-sites\\src\\app\\components\\home\\header\\header-mobile\\header-mobile.component.ts","statementMap":{"0":{"start":{"line":1,"column":0},"end":{"line":1,"column":67}},"1":{"start":{"line":2,"column":0},"end":{"line":2,"column":72}},"2":{"start":{"line":3,"column":0},"end":{"line":3,"column":120}},"3":{"start":{"line":4,"column":0},"end":{"line":4,"column":45}},"4":{"start":{"line":5,"column":0},"end":{"line":5,"column":111}},"5":{"start":{"line":6,"column":0},"end":{"line":6,"column":56}},"6":{"start":{"line":7,"column":0},"end":{"line":7,"column":71}},"7":{"start":{"line":8,"column":0},"end":{"line":8,"column":79}},"8":{"start":{"line":9,"column":0},"end":{"line":9,"column":51}},"9":{"start":{"line":32,"column":22},"end":{"line":32,"column":37}},"10":{"start":{"line":32,"column":47},"end":{"line":32,"column":73}},"11":{"start":{"line":27,"column":2},"end":{"line":30,"column":6}},"12":{"start":{"line":27,"column":48},"end":{"line":30,"column":4}},"13":{"start":{"line":33,"column":4},"end":{"line":33,"column":26}},"14":{"start":{"line":37,"column":4},"end":{"line":39,"column":7}},"15":{"start":{"line":40,"column":4},"end":{"line":44,"column":7}},"16":{"start":{"line":41,"column":6},"end":{"line":41,"column":51}},"17":{"start":{"line":42,"column":6},"end":{"line":42,"column":35}},"18":{"start":{"line":43,"column":6},"end":{"line":43,"column":41}},"19":{"start":{"line":25,"column":13},"end":{"line":25,"column":34}},"20":{"start":{"line":25,"column":13},"end":{"line":46,"column":null}}},"fnMap":{"0":{"name":"(anonymous_0)","decl":{"start":{"line":32,"column":2},"end":{"line":32,"column":22}},"loc":{"start":{"line":32,"column":73},"end":{"line":34,"column":3}}},"1":{"name":"(anonymous_1)","decl":{"start":{"line":27,"column":28},"end":{"line":27,"column":29}},"loc":{"start":{"line":27,"column":48},"end":{"line":30,"column":4}}},"2":{"name":"(anonymous_2)","decl":{"start":{"line":36,"column":10},"end":{"line":36,"column":24}},"loc":{"start":{"line":36,"column":24},"end":{"line":45,"column":3}}},"3":{"name":"(anonymous_3)","decl":{"start":{"line":40,"column":39},"end":{"line":40,"column":40}},"loc":{"start":{"line":40,"column":49},"end":{"line":44,"column":5}}}},"branchMap":{"0":{"loc":{"start":{"line":38,"column":29},"end":{"line":38,"column":73}},"type":"binary-expr","locations":[{"start":{"line":38,"column":29},"end":{"line":38,"column":62}},{"start":{"line":38,"column":66},"end":{"line":38,"column":73}}]}},"s":{"0":5,"1":5,"2":5,"3":5,"4":5,"5":5,"6":5,"7":5,"8":5,"9":0,"10":0,"11":0,"12":0,"13":0,"14":0,"15":0,"16":0,"17":0,"18":0,"19":5,"20":5},"f":{"0":0,"1":0,"2":0,"3":0},"b":{"0":[0,0]}}
,"C:\\Users\\hamid\\WebstormProjects\\hybrid-sites\\src\\app\\components\\home\\header\\service\\header.service.ts": {"path":"C:\\Users\\hamid\\WebstormProjects\\hybrid-sites\\src\\app\\components\\home\\header\\service\\header.service.ts","statementMap":{"0":{"start":{"line":1,"column":0},"end":{"line":1,"column":43}},"1":{"start":{"line":6,"column":7},"end":{"line":7,"column":null}},"2":{"start":{"line":6,"column":13},"end":{"line":6,"column":26}},"3":{"start":{"line":6,"column":13},"end":{"line":7,"column":null}}},"fnMap":{},"branchMap":{},"s":{"0":1,"1":1,"2":1,"3":1},"f":{},"b":{}}
,"C:\\Users\\hamid\\WebstormProjects\\hybrid-sites\\src\\app\\components\\home\\login\\login.component.html": {"path":"C:\\Users\\hamid\\WebstormProjects\\hybrid-sites\\src\\app\\components\\home\\login\\login.component.html","statementMap":{"0":{"start":{"line":1,"column":0},"end":{"line":1,"column":7253}}},"fnMap":{},"branchMap":{},"s":{"0":1},"f":{},"b":{},"_coverageSchema":"1a1c01bbd47fc00a2c39e90264f33305004495a9","hash":"44a5974acb01cc1ce7e481cbae0d50a2f433fb21"}
,"C:\\Users\\hamid\\WebstormProjects\\hybrid-sites\\src\\app\\components\\home\\login\\login.component.ts": {"path":"C:\\Users\\hamid\\WebstormProjects\\hybrid-sites\\src\\app\\components\\home\\login\\login.component.ts","statementMap":{"0":{"start":{"line":1,"column":0},"end":{"line":1,"column":75}},"1":{"start":{"line":2,"column":0},"end":{"line":2,"column":89}},"2":{"start":{"line":3,"column":0},"end":{"line":3,"column":57}},"3":{"start":{"line":4,"column":0},"end":{"line":4,"column":107}},"4":{"start":{"line":25,"column":12},"end":{"line":25,"column":36}},"5":{"start":{"line":26,"column":12},"end":{"line":26,"column":33}},"6":{"start":{"line":27,"column":12},"end":{"line":27,"column":26}},"7":{"start":{"line":28,"column":12},"end":{"line":28,"column":56}},"8":{"start":{"line":19,"column":2},"end":{"line":19,"column":18}},"9":{"start":{"line":20,"column":2},"end":{"line":20,"column":20}},"10":{"start":{"line":22,"column":2},"end":{"line":22,"column":13}},"11":{"start":{"line":31,"column":4},"end":{"line":33,"column":5}},"12":{"start":{"line":32,"column":6},"end":{"line":32,"column":41}},"13":{"start":{"line":37,"column":4},"end":{"line":40,"column":7}},"14":{"start":{"line":43,"column":4},"end":{"line":43,"column":73}},"15":{"start":{"line":48,"column":4},"end":{"line":48,"column":35}},"16":{"start":{"line":52,"column":4},"end":{"line":52,"column":26}},"17":{"start":{"line":55,"column":4},"end":{"line":57,"column":5}},"18":{"start":{"line":56,"column":6},"end":{"line":56,"column":13}},"19":{"start":{"line":59,"column":4},"end":{"line":59,"column":24}},"20":{"start":{"line":60,"column":4},"end":{"line":60,"column":43}},"21":{"start":{"line":16,"column":13},"end":{"line":16,"column":27}},"22":{"start":{"line":16,"column":13},"end":{"line":77,"column":null}}},"fnMap":{"0":{"name":"(anonymous_0)","decl":{"start":{"line":24,"column":2},"end":{"line":24,"column":null}},"loc":{"start":{"line":28,"column":56},"end":{"line":34,"column":3}}},"1":{"name":"(anonymous_1)","decl":{"start":{"line":36,"column":2},"end":{"line":36,"column":10}},"loc":{"start":{"line":36,"column":10},"end":{"line":44,"column":3}}},"2":{"name":"(anonymous_2)","decl":{"start":{"line":47,"column":2},"end":{"line":47,"column":6}},"loc":{"start":{"line":47,"column":7},"end":{"line":49,"column":3}}},"3":{"name":"(anonymous_3)","decl":{"start":{"line":51,"column":2},"end":{"line":51,"column":10}},"loc":{"start":{"line":51,"column":10},"end":{"line":62,"column":3}}}},"branchMap":{"0":{"loc":{"start":{"line":31,"column":4},"end":{"line":33,"column":5}},"type":"if","locations":[{"start":{"line":31,"column":4},"end":{"line":33,"column":5}}]},"1":{"loc":{"start":{"line":43,"column":21},"end":{"line":43,"column":72}},"type":"binary-expr","locations":[{"start":{"line":43,"column":21},"end":{"line":43,"column":65}},{"start":{"line":43,"column":69},"end":{"line":43,"column":72}}]},"2":{"loc":{"start":{"line":55,"column":4},"end":{"line":57,"column":5}},"type":"if","locations":[{"start":{"line":55,"column":4},"end":{"line":57,"column":5}}]}},"s":{"0":1,"1":1,"2":1,"3":1,"4":0,"5":0,"6":0,"7":0,"8":0,"9":0,"10":0,"11":0,"12":0,"13":0,"14":0,"15":0,"16":0,"17":0,"18":0,"19":0,"20":0,"21":1,"22":1},"f":{"0":0,"1":0,"2":0,"3":0},"b":{"0":[0],"1":[0,0],"2":[0]}}
,"C:\\Users\\hamid\\WebstormProjects\\hybrid-sites\\src\\app\\components\\idee\\idee.component.html": {"path":"C:\\Users\\hamid\\WebstormProjects\\hybrid-sites\\src\\app\\components\\idee\\idee.component.html","statementMap":{"0":{"start":{"line":1,"column":0},"end":{"line":1,"column":3447}}},"fnMap":{},"branchMap":{},"s":{"0":1},"f":{},"b":{},"_coverageSchema":"1a1c01bbd47fc00a2c39e90264f33305004495a9","hash":"4d557f1af2de3e347628ed2d0d37fb8f07f1d1f3"}
,"C:\\Users\\hamid\\WebstormProjects\\hybrid-sites\\src\\app\\components\\idee\\idee.component.ts": {"path":"C:\\Users\\hamid\\WebstormProjects\\hybrid-sites\\src\\app\\components\\idee\\idee.component.ts","statementMap":{"0":{"start":{"line":1,"column":0},"end":{"line":1,"column":75}},"1":{"start":{"line":2,"column":0},"end":{"line":2,"column":89}},"2":{"start":{"line":3,"column":0},"end":{"line":3,"column":70}},"3":{"start":{"line":5,"column":0},"end":{"line":5,"column":71}},"4":{"start":{"line":6,"column":0},"end":{"line":6,"column":72}},"5":{"start":{"line":7,"column":0},"end":{"line":7,"column":47}},"6":{"start":{"line":8,"column":0},"end":{"line":8,"column":93}},"7":{"start":{"line":9,"column":0},"end":{"line":9,"column":84}},"8":{"start":{"line":31,"column":51},"end":{"line":31,"column":75}},"9":{"start":{"line":31,"column":85},"end":{"line":31,"column":109}},"10":{"start":{"line":28,"column":2},"end":{"line":28,"column":75}},"11":{"start":{"line":29,"column":10},"end":{"line":29,"column":75}},"12":{"start":{"line":32,"column":4},"end":{"line":32,"column":69}},"13":{"start":{"line":33,"column":4},"end":{"line":33,"column":39}},"14":{"start":{"line":37,"column":4},"end":{"line":37,"column":29}},"15":{"start":{"line":38,"column":4},"end":{"line":38,"column":42}},"16":{"start":{"line":39,"column":4},"end":{"line":48,"column":6}},"17":{"start":{"line":41,"column":10},"end":{"line":41,"column":46}},"18":{"start":{"line":42,"column":10},"end":{"line":42,"column":36}},"19":{"start":{"line":44,"column":10},"end":{"line":44,"column":42}},"20":{"start":{"line":45,"column":10},"end":{"line":45,"column":36}},"21":{"start":{"line":52,"column":4},"end":{"line":52,"column":47}},"22":{"start":{"line":56,"column":4},"end":{"line":59,"column":7}},"23":{"start":{"line":63,"column":4},"end":{"line":63,"column":29}},"24":{"start":{"line":64,"column":4},"end":{"line":84,"column":5}},"25":{"start":{"line":65,"column":35},"end":{"line":69,"column":8}},"26":{"start":{"line":71,"column":6},"end":{"line":83,"column":9}},"27":{"start":{"line":72,"column":24},"end":{"line":72,"column":56}},"28":{"start":{"line":75,"column":10},"end":{"line":75,"column":46}},"29":{"start":{"line":76,"column":10},"end":{"line":76,"column":36}},"30":{"start":{"line":77,"column":10},"end":{"line":77,"column":56}},"31":{"start":{"line":80,"column":10},"end":{"line":80,"column":58}},"32":{"start":{"line":81,"column":10},"end":{"line":81,"column":36}},"33":{"start":{"line":88,"column":4},"end":{"line":88,"column":29}},"34":{"start":{"line":89,"column":4},"end":{"line":101,"column":7}},"35":{"start":{"line":90,"column":22},"end":{"line":90,"column":54}},"36":{"start":{"line":93,"column":8},"end":{"line":93,"column":44}},"37":{"start":{"line":94,"column":8},"end":{"line":94,"column":34}},"38":{"start":{"line":95,"column":8},"end":{"line":95,"column":52}},"39":{"start":{"line":98,"column":8},"end":{"line":98,"column":54}},"40":{"start":{"line":99,"column":8},"end":{"line":99,"column":34}},"41":{"start":{"line":25,"column":13},"end":{"line":25,"column":26}},"42":{"start":{"line":25,"column":13},"end":{"line":103,"column":null}}},"fnMap":{"0":{"name":"(anonymous_0)","decl":{"start":{"line":31,"column":2},"end":{"line":31,"column":14}},"loc":{"start":{"line":31,"column":109},"end":{"line":34,"column":3}}},"1":{"name":"(anonymous_1)","decl":{"start":{"line":36,"column":2},"end":{"line":36,"column":10}},"loc":{"start":{"line":36,"column":10},"end":{"line":49,"column":3}}},"2":{"name":"(anonymous_2)","decl":{"start":{"line":40,"column":14},"end":{"line":40,"column":15}},"loc":{"start":{"line":40,"column":39},"end":{"line":43,"column":9}}},"3":{"name":"(anonymous_3)","decl":{"start":{"line":43,"column":18},"end":{"line":43,"column":19}},"loc":{"start":{"line":43,"column":31},"end":{"line":46,"column":9}}},"4":{"name":"(anonymous_4)","decl":{"start":{"line":51,"column":2},"end":{"line":51,"column":6}},"loc":{"start":{"line":51,"column":21},"end":{"line":53,"column":3}}},"5":{"name":"(anonymous_5)","decl":{"start":{"line":55,"column":2},"end":{"line":55,"column":10}},"loc":{"start":{"line":55,"column":10},"end":{"line":60,"column":3}}},"6":{"name":"(anonymous_6)","decl":{"start":{"line":62,"column":2},"end":{"line":62,"column":13}},"loc":{"start":{"line":62,"column":13},"end":{"line":85,"column":3}}},"7":{"name":"(anonymous_7)","decl":{"start":{"line":72,"column":18},"end":{"line":72,"column":21}},"loc":{"start":{"line":72,"column":24},"end":{"line":72,"column":56}}},"8":{"name":"(anonymous_8)","decl":{"start":{"line":74,"column":14},"end":{"line":74,"column":15}},"loc":{"start":{"line":74,"column":39},"end":{"line":78,"column":9}}},"9":{"name":"(anonymous_9)","decl":{"start":{"line":79,"column":15},"end":{"line":79,"column":16}},"loc":{"start":{"line":79,"column":28},"end":{"line":82,"column":9}}},"10":{"name":"(anonymous_10)","decl":{"start":{"line":87,"column":2},"end":{"line":87,"column":15}},"loc":{"start":{"line":87,"column":33},"end":{"line":102,"column":3}}},"11":{"name":"(anonymous_11)","decl":{"start":{"line":90,"column":16},"end":{"line":90,"column":19}},"loc":{"start":{"line":90,"column":22},"end":{"line":90,"column":54}}},"12":{"name":"(anonymous_12)","decl":{"start":{"line":92,"column":12},"end":{"line":92,"column":13}},"loc":{"start":{"line":92,"column":37},"end":{"line":96,"column":7}}},"13":{"name":"(anonymous_13)","decl":{"start":{"line":97,"column":13},"end":{"line":97,"column":14}},"loc":{"start":{"line":97,"column":26},"end":{"line":100,"column":7}}}},"branchMap":{"0":{"loc":{"start":{"line":32,"column":29},"end":{"line":32,"column":67}},"type":"binary-expr","locations":[{"start":{"line":32,"column":29},"end":{"line":32,"column":59}},{"start":{"line":32,"column":63},"end":{"line":32,"column":67}}]},"1":{"loc":{"start":{"line":64,"column":4},"end":{"line":84,"column":5}},"type":"if","locations":[{"start":{"line":64,"column":4},"end":{"line":84,"column":5}}]}},"s":{"0":1,"1":1,"2":1,"3":1,"4":1,"5":1,"6":1,"7":1,"8":0,"9":0,"10":0,"11":0,"12":0,"13":0,"14":0,"15":0,"16":0,"17":0,"18":0,"19":0,"20":0,"21":0,"22":0,"23":0,"24":0,"25":0,"26":0,"27":0,"28":0,"29":0,"30":0,"31":0,"32":0,"33":0,"34":0,"35":0,"36":0,"37":0,"38":0,"39":0,"40":0,"41":1,"42":1},"f":{"0":0,"1":0,"2":0,"3":0,"4":0,"5":0,"6":0,"7":0,"8":0,"9":0,"10":0,"11":0,"12":0,"13":0},"b":{"0":[0,0],"1":[0]}}
,"C:\\Users\\hamid\\WebstormProjects\\hybrid-sites\\src\\app\\components\\parametres\\parametres.component.html": {"path":"C:\\Users\\hamid\\WebstormProjects\\hybrid-sites\\src\\app\\components\\parametres\\parametres.component.html","statementMap":{"0":{"start":{"line":1,"column":0},"end":{"line":1,"column":977}}},"fnMap":{},"branchMap":{},"s":{"0":1},"f":{},"b":{},"_coverageSchema":"1a1c01bbd47fc00a2c39e90264f33305004495a9","hash":"178d2eacfa0c7be4b147ae3a0b49060d5a4ea436"}
,"C:\\Users\\hamid\\WebstormProjects\\hybrid-sites\\src\\app\\components\\parametres\\parametres.component.ts": {"path":"C:\\Users\\hamid\\WebstormProjects\\hybrid-sites\\src\\app\\components\\parametres\\parametres.component.ts","statementMap":{"0":{"start":{"line":1,"column":0},"end":{"line":1,"column":42}},"1":{"start":{"line":2,"column":0},"end":{"line":2,"column":72}},"2":{"start":{"line":3,"column":0},"end":{"line":3,"column":65}},"3":{"start":{"line":4,"column":0},"end":{"line":4,"column":93}},"4":{"start":{"line":5,"column":0},"end":{"line":5,"column":114}},"5":{"start":{"line":6,"column":0},"end":{"line":6,"column":105}},"6":{"start":{"line":7,"column":0},"end":{"line":7,"column":56}},"7":{"start":{"line":8,"column":0},"end":{"line":8,"column":65}},"8":{"start":{"line":9,"column":0},"end":{"line":9,"column":73}},"9":{"start":{"line":10,"column":0},"end":{"line":10,"column":45}},"10":{"start":{"line":33,"column":22},"end":{"line":33,"column":37}},"11":{"start":{"line":33,"column":47},"end":{"line":33,"column":73}},"12":{"start":{"line":28,"column":2},"end":{"line":31,"column":6}},"13":{"start":{"line":28,"column":48},"end":{"line":31,"column":4}},"14":{"start":{"line":34,"column":4},"end":{"line":34,"column":69}},"15":{"start":{"line":35,"column":4},"end":{"line":35,"column":26}},"16":{"start":{"line":39,"column":4},"end":{"line":41,"column":7}},"17":{"start":{"line":42,"column":4},"end":{"line":46,"column":7}},"18":{"start":{"line":43,"column":6},"end":{"line":43,"column":51}},"19":{"start":{"line":44,"column":6},"end":{"line":44,"column":35}},"20":{"start":{"line":45,"column":6},"end":{"line":45,"column":41}},"21":{"start":{"line":26,"column":13},"end":{"line":26,"column":32}},"22":{"start":{"line":26,"column":13},"end":{"line":48,"column":null}}},"fnMap":{"0":{"name":"(anonymous_0)","decl":{"start":{"line":33,"column":2},"end":{"line":33,"column":22}},"loc":{"start":{"line":33,"column":102},"end":{"line":36,"column":3}}},"1":{"name":"(anonymous_1)","decl":{"start":{"line":28,"column":28},"end":{"line":28,"column":29}},"loc":{"start":{"line":28,"column":48},"end":{"line":31,"column":4}}},"2":{"name":"(anonymous_2)","decl":{"start":{"line":38,"column":10},"end":{"line":38,"column":24}},"loc":{"start":{"line":38,"column":24},"end":{"line":47,"column":3}}},"3":{"name":"(anonymous_3)","decl":{"start":{"line":42,"column":39},"end":{"line":42,"column":40}},"loc":{"start":{"line":42,"column":49},"end":{"line":46,"column":5}}}},"branchMap":{"0":{"loc":{"start":{"line":34,"column":29},"end":{"line":34,"column":67}},"type":"binary-expr","locations":[{"start":{"line":34,"column":29},"end":{"line":34,"column":59}},{"start":{"line":34,"column":63},"end":{"line":34,"column":67}}]},"1":{"loc":{"start":{"line":40,"column":29},"end":{"line":40,"column":73}},"type":"binary-expr","locations":[{"start":{"line":40,"column":29},"end":{"line":40,"column":62}},{"start":{"line":40,"column":66},"end":{"line":40,"column":73}}]}},"s":{"0":1,"1":1,"2":1,"3":1,"4":1,"5":1,"6":1,"7":1,"8":1,"9":1,"10":0,"11":0,"12":0,"13":0,"14":0,"15":0,"16":0,"17":0,"18":0,"19":0,"20":0,"21":1,"22":1},"f":{"0":0,"1":0,"2":0,"3":0},"b":{"0":[0,0],"1":[0,0]}}
,"C:\\Users\\hamid\\WebstormProjects\\hybrid-sites\\src\\app\\components\\portofolio\\portofolio.component.html": {"path":"C:\\Users\\hamid\\WebstormProjects\\hybrid-sites\\src\\app\\components\\portofolio\\portofolio.component.html","statementMap":{"0":{"start":{"line":1,"column":0},"end":{"line":1,"column":1011}}},"fnMap":{},"branchMap":{},"s":{"0":1},"f":{},"b":{},"_coverageSchema":"1a1c01bbd47fc00a2c39e90264f33305004495a9","hash":"bab2e933a0a5a757f2990ef202731929f67f3a70"}
,"C:\\Users\\hamid\\WebstormProjects\\hybrid-sites\\src\\app\\components\\portofolio\\portofolio.component.ts": {"path":"C:\\Users\\hamid\\WebstormProjects\\hybrid-sites\\src\\app\\components\\portofolio\\portofolio.component.ts","statementMap":{"0":{"start":{"line":1,"column":0},"end":{"line":1,"column":67}},"1":{"start":{"line":2,"column":0},"end":{"line":2,"column":72}},"2":{"start":{"line":3,"column":0},"end":{"line":3,"column":93}},"3":{"start":{"line":4,"column":0},"end":{"line":4,"column":86}},"4":{"start":{"line":5,"column":0},"end":{"line":5,"column":83}},"5":{"start":{"line":22,"column":4},"end":{"line":22,"column":69}},"6":{"start":{"line":28,"column":4},"end":{"line":28,"column":35}},"7":{"start":{"line":20,"column":13},"end":{"line":20,"column":32}},"8":{"start":{"line":20,"column":13},"end":{"line":30,"column":null}}},"fnMap":{"0":{"name":"(anonymous_0)","decl":{"start":{"line":21,"column":2},"end":{"line":21,"column":14}},"loc":{"start":{"line":21,"column":41},"end":{"line":23,"column":3}}},"1":{"name":"(anonymous_1)","decl":{"start":{"line":27,"column":2},"end":{"line":27,"column":21}},"loc":{"start":{"line":27,"column":38},"end":{"line":29,"column":3}}}},"branchMap":{"0":{"loc":{"start":{"line":22,"column":29},"end":{"line":22,"column":67}},"type":"binary-expr","locations":[{"start":{"line":22,"column":29},"end":{"line":22,"column":59}},{"start":{"line":22,"column":63},"end":{"line":22,"column":67}}]}},"s":{"0":1,"1":1,"2":1,"3":1,"4":1,"5":0,"6":0,"7":1,"8":1},"f":{"0":0,"1":0},"b":{"0":[0,0]}}
,"C:\\Users\\hamid\\WebstormProjects\\hybrid-sites\\src\\app\\components\\portofolio\\carousel-style\\carousel-style.component.html": {"path":"C:\\Users\\hamid\\WebstormProjects\\hybrid-sites\\src\\app\\components\\portofolio\\carousel-style\\carousel-style.component.html","statementMap":{"0":{"start":{"line":1,"column":0},"end":{"line":1,"column":794}}},"fnMap":{},"branchMap":{},"s":{"0":2},"f":{},"b":{},"_coverageSchema":"1a1c01bbd47fc00a2c39e90264f33305004495a9","hash":"64368ae8cef7a4031ed27304d44c7f4bdf55c3a5"}
,"C:\\Users\\hamid\\WebstormProjects\\hybrid-sites\\src\\app\\components\\portofolio\\carousel-style\\carousel-style.component.ts": {"path":"C:\\Users\\hamid\\WebstormProjects\\hybrid-sites\\src\\app\\components\\portofolio\\carousel-style\\carousel-style.component.ts","statementMap":{"0":{"start":{"line":1,"column":0},"end":{"line":1,"column":94}},"1":{"start":{"line":2,"column":0},"end":{"line":2,"column":65}},"2":{"start":{"line":14,"column":2},"end":{"line":18,"column":4}},"3":{"start":{"line":19,"column":2},"end":{"line":19,"column":25}},"4":{"start":{"line":26,"column":4},"end":{"line":51,"column":5}},"5":{"start":{"line":27,"column":6},"end":{"line":50,"column":7}},"6":{"start":{"line":29,"column":10},"end":{"line":33,"column":null}},"7":{"start":{"line":34,"column":10},"end":{"line":34,"column":16}},"8":{"start":{"line":36,"column":10},"end":{"line":39,"column":null}},"9":{"start":{"line":40,"column":10},"end":{"line":40,"column":16}},"10":{"start":{"line":42,"column":10},"end":{"line":46,"column":null}},"11":{"start":{"line":47,"column":10},"end":{"line":47,"column":16}},"12":{"start":{"line":49,"column":10},"end":{"line":49,"column":46}},"13":{"start":{"line":55,"column":4},"end":{"line":55,"column":26}},"14":{"start":{"line":59,"column":4},"end":{"line":59,"column":25}},"15":{"start":{"line":63,"column":19},"end":{"line":63,"column":62}},"16":{"start":{"line":64,"column":4},"end":{"line":64,"column":59}},"17":{"start":{"line":64,"column":28},"end":{"line":64,"column":57}},"18":{"start":{"line":65,"column":4},"end":{"line":65,"column":62}},"19":{"start":{"line":65,"column":42},"end":{"line":65,"column":62}},"20":{"start":{"line":66,"column":4},"end":{"line":66,"column":65}},"21":{"start":{"line":66,"column":29},"end":{"line":66,"column":65}},"22":{"start":{"line":67,"column":4},"end":{"line":67,"column":55}},"23":{"start":{"line":71,"column":4},"end":{"line":71,"column":22}},"24":{"start":{"line":72,"column":4},"end":{"line":72,"column":22}},"25":{"start":{"line":76,"column":4},"end":{"line":76,"column":22}},"26":{"start":{"line":77,"column":4},"end":{"line":77,"column":22}},"27":{"start":{"line":81,"column":4},"end":{"line":84,"column":13}},"28":{"start":{"line":82,"column":6},"end":{"line":82,"column":24}},"29":{"start":{"line":83,"column":6},"end":{"line":83,"column":24}},"30":{"start":{"line":88,"column":4},"end":{"line":88,"column":42}},"31":{"start":{"line":13,"column":13},"end":{"line":13,"column":35}},"32":{"start":{"line":13,"column":13},"end":{"line":90,"column":null}}},"fnMap":{"0":{"name":"(anonymous_0)","decl":{"start":{"line":23,"column":2},"end":{"line":23,"column":18}},"loc":{"start":{"line":23,"column":2},"end":{"line":23,"column":19}}},"1":{"name":"(anonymous_1)","decl":{"start":{"line":25,"column":2},"end":{"line":25,"column":13}},"loc":{"start":{"line":25,"column":13},"end":{"line":52,"column":3}}},"2":{"name":"(anonymous_2)","decl":{"start":{"line":54,"column":2},"end":{"line":54,"column":10}},"loc":{"start":{"line":54,"column":10},"end":{"line":56,"column":3}}},"3":{"name":"(anonymous_3)","decl":{"start":{"line":58,"column":2},"end":{"line":58,"column":13}},"loc":{"start":{"line":58,"column":13},"end":{"line":60,"column":3}}},"4":{"name":"(anonymous_4)","decl":{"start":{"line":62,"column":2},"end":{"line":62,"column":12}},"loc":{"start":{"line":62,"column":12},"end":{"line":68,"column":3}}},"5":{"name":"(anonymous_5)","decl":{"start":{"line":64,"column":19},"end":{"line":64,"column":24}},"loc":{"start":{"line":64,"column":28},"end":{"line":64,"column":57}}},"6":{"name":"(anonymous_6)","decl":{"start":{"line":70,"column":2},"end":{"line":70,"column":11}},"loc":{"start":{"line":70,"column":11},"end":{"line":73,"column":3}}},"7":{"name":"(anonymous_7)","decl":{"start":{"line":75,"column":2},"end":{"line":75,"column":11}},"loc":{"start":{"line":75,"column":11},"end":{"line":78,"column":3}}},"8":{"name":"(anonymous_8)","decl":{"start":{"line":80,"column":2},"end":{"line":80,"column":16}},"loc":{"start":{"line":80,"column":16},"end":{"line":85,"column":3}}},"9":{"name":"(anonymous_9)","decl":{"start":{"line":81,"column":41},"end":{"line":81,"column":44}},"loc":{"start":{"line":81,"column":46},"end":{"line":84,"column":5}}},"10":{"name":"(anonymous_10)","decl":{"start":{"line":87,"column":2},"end":{"line":87,"column":15}},"loc":{"start":{"line":87,"column":15},"end":{"line":89,"column":3}}}},"branchMap":{"0":{"loc":{"start":{"line":26,"column":4},"end":{"line":51,"column":5}},"type":"if","locations":[{"start":{"line":26,"column":4},"end":{"line":51,"column":5}}]},"1":{"loc":{"start":{"line":27,"column":6},"end":{"line":50,"column":7}},"type":"switch","locations":[{"start":{"line":28,"column":8},"end":{"line":34,"column":16}},{"start":{"line":35,"column":8},"end":{"line":40,"column":16}},{"start":{"line":41,"column":8},"end":{"line":47,"column":16}},{"start":{"line":48,"column":8},"end":{"line":49,"column":46}}]},"2":{"loc":{"start":{"line":65,"column":4},"end":{"line":65,"column":62}},"type":"if","locations":[{"start":{"line":65,"column":4},"end":{"line":65,"column":62}}]},"3":{"loc":{"start":{"line":66,"column":4},"end":{"line":66,"column":65}},"type":"if","locations":[{"start":{"line":66,"column":4},"end":{"line":66,"column":65}}]}},"s":{"0":2,"1":2,"2":1,"3":1,"4":0,"5":0,"6":0,"7":0,"8":0,"9":0,"10":0,"11":0,"12":0,"13":1,"14":1,"15":0,"16":0,"17":0,"18":0,"19":0,"20":0,"21":0,"22":0,"23":0,"24":0,"25":0,"26":0,"27":1,"28":0,"29":0,"30":1,"31":2,"32":2},"f":{"0":1,"1":0,"2":1,"3":1,"4":0,"5":0,"6":0,"7":0,"8":1,"9":0,"10":1},"b":{"0":[0],"1":[0,0,0,0],"2":[0],"3":[0]}}
,"C:\\Users\\hamid\\WebstormProjects\\hybrid-sites\\src\\app\\components\\portofolio\\projet-selector\\projet-selector.component.html": {"path":"C:\\Users\\hamid\\WebstormProjects\\hybrid-sites\\src\\app\\components\\portofolio\\projet-selector\\projet-selector.component.html","statementMap":{"0":{"start":{"line":1,"column":0},"end":{"line":1,"column":345}}},"fnMap":{},"branchMap":{},"s":{"0":2},"f":{},"b":{},"_coverageSchema":"1a1c01bbd47fc00a2c39e90264f33305004495a9","hash":"4c33b6e32ca999029322a6bb66ee6e98a7b2543d"}
,"C:\\Users\\hamid\\WebstormProjects\\hybrid-sites\\src\\app\\components\\portofolio\\projet-selector\\projet-selector.component.ts": {"path":"C:\\Users\\hamid\\WebstormProjects\\hybrid-sites\\src\\app\\components\\portofolio\\projet-selector\\projet-selector.component.ts","statementMap":{"0":{"start":{"line":1,"column":0},"end":{"line":1,"column":101}},"1":{"start":{"line":2,"column":0},"end":{"line":2,"column":47}},"2":{"start":{"line":3,"column":0},"end":{"line":3,"column":54}},"3":{"start":{"line":13,"column":12},"end":{"line":13,"column":null}},"4":{"start":{"line":15,"column":2},"end":{"line":19,"column":4}},"5":{"start":{"line":22,"column":29},"end":{"line":22,"column":61}},"6":{"start":{"line":23,"column":4},"end":{"line":23,"column":50}},"7":{"start":{"line":12,"column":13},"end":{"line":12,"column":36}},"8":{"start":{"line":12,"column":13},"end":{"line":25,"column":null}}},"fnMap":{"0":{"name":"(anonymous_0)","decl":{"start":{"line":12,"column":7},"end":{"line":12,"column":13}},"loc":{"start":{"line":12,"column":7},"end":{"line":25,"column":1}}},"1":{"name":"(anonymous_1)","decl":{"start":{"line":21,"column":2},"end":{"line":21,"column":14}},"loc":{"start":{"line":21,"column":25},"end":{"line":24,"column":3}}}},"branchMap":{},"s":{"0":2,"1":2,"2":2,"3":1,"4":1,"5":0,"6":0,"7":2,"8":2},"f":{"0":1,"1":0},"b":{}}
,"C:\\Users\\hamid\\WebstormProjects\\hybrid-sites\\src\\app\\shared\\components\\language-selector\\language-selector.component.html": {"path":"C:\\Users\\hamid\\WebstormProjects\\hybrid-sites\\src\\app\\shared\\components\\language-selector\\language-selector.component.html","statementMap":{"0":{"start":{"line":1,"column":0},"end":{"line":1,"column":574}}},"fnMap":{},"branchMap":{},"s":{"0":7},"f":{},"b":{},"_coverageSchema":"1a1c01bbd47fc00a2c39e90264f33305004495a9","hash":"7c1af911bcd4348348a6dec0a11b5ca8791f9b9c"}
,"C:\\Users\\hamid\\WebstormProjects\\hybrid-sites\\src\\app\\shared\\components\\language-selector\\language-selector.component.ts": {"path":"C:\\Users\\hamid\\WebstormProjects\\hybrid-sites\\src\\app\\shared\\components\\language-selector\\language-selector.component.ts","statementMap":{"0":{"start":{"line":1,"column":0},"end":{"line":1,"column":67}},"1":{"start":{"line":2,"column":0},"end":{"line":2,"column":53}},"2":{"start":{"line":3,"column":0},"end":{"line":3,"column":47}},"3":{"start":{"line":4,"column":0},"end":{"line":4,"column":45}},"4":{"start":{"line":16,"column":21},"end":{"line":16,"column":48}},"5":{"start":{"line":14,"column":2},"end":{"line":14,"column":39}},"6":{"start":{"line":17,"column":4},"end":{"line":17,"column":37}},"7":{"start":{"line":21,"column":4},"end":{"line":21,"column":29}},"8":{"start":{"line":22,"column":4},"end":{"line":22,"column":41}},"9":{"start":{"line":23,"column":4},"end":{"line":23,"column":40}},"10":{"start":{"line":13,"column":13},"end":{"line":13,"column":38}},"11":{"start":{"line":13,"column":13},"end":{"line":25,"column":null}}},"fnMap":{"0":{"name":"(anonymous_0)","decl":{"start":{"line":16,"column":2},"end":{"line":16,"column":21}},"loc":{"start":{"line":16,"column":48},"end":{"line":18,"column":3}}},"1":{"name":"(anonymous_1)","decl":{"start":{"line":20,"column":2},"end":{"line":20,"column":16}},"loc":{"start":{"line":20,"column":29},"end":{"line":24,"column":3}}}},"branchMap":{},"s":{"0":7,"1":7,"2":7,"3":7,"4":0,"5":0,"6":0,"7":0,"8":0,"9":0,"10":7,"11":7},"f":{"0":0,"1":0},"b":{}}
,"C:\\Users\\hamid\\WebstormProjects\\hybrid-sites\\src\\app\\shared\\components\\theme-selector\\theme-selector.component.html": {"path":"C:\\Users\\hamid\\WebstormProjects\\hybrid-sites\\src\\app\\shared\\components\\theme-selector\\theme-selector.component.html","statementMap":{"0":{"start":{"line":1,"column":0},"end":{"line":1,"column":507}}},"fnMap":{},"branchMap":{},"s":{"0":7},"f":{},"b":{},"_coverageSchema":"1a1c01bbd47fc00a2c39e90264f33305004495a9","hash":"68c162f8347807bf5de1974a73b136b529378d6a"}
,"C:\\Users\\hamid\\WebstormProjects\\hybrid-sites\\src\\app\\shared\\components\\theme-selector\\theme-selector.component.ts": {"path":"C:\\Users\\hamid\\WebstormProjects\\hybrid-sites\\src\\app\\shared\\components\\theme-selector\\theme-selector.component.ts","statementMap":{"0":{"start":{"line":1,"column":0},"end":{"line":1,"column":74}},"1":{"start":{"line":2,"column":0},"end":{"line":2,"column":53}},"2":{"start":{"line":3,"column":0},"end":{"line":3,"column":47}},"3":{"start":{"line":4,"column":0},"end":{"line":4,"column":77}},"4":{"start":{"line":5,"column":0},"end":{"line":5,"column":66}},"5":{"start":{"line":19,"column":22},"end":{"line":19,"column":37}},"6":{"start":{"line":19,"column":47},"end":{"line":19,"column":73}},"7":{"start":{"line":19,"column":82},"end":{"line":19,"column":109}},"8":{"start":{"line":15,"column":11},"end":{"line":15,"column":null}},"9":{"start":{"line":17,"column":2},"end":{"line":17,"column":79}},"10":{"start":{"line":18,"column":2},"end":{"line":18,"column":37}},"11":{"start":{"line":20,"column":4},"end":{"line":22,"column":7}},"12":{"start":{"line":23,"column":4},"end":{"line":23,"column":37}},"13":{"start":{"line":26,"column":4},"end":{"line":28,"column":5}},"14":{"start":{"line":27,"column":6},"end":{"line":27,"column":58}},"15":{"start":{"line":14,"column":13},"end":{"line":14,"column":35}},"16":{"start":{"line":14,"column":13},"end":{"line":30,"column":null}}},"fnMap":{"0":{"name":"(anonymous_0)","decl":{"start":{"line":19,"column":2},"end":{"line":19,"column":22}},"loc":{"start":{"line":19,"column":109},"end":{"line":24,"column":3}}},"1":{"name":"(anonymous_1)","decl":{"start":{"line":25,"column":2},"end":{"line":25,"column":13}},"loc":{"start":{"line":25,"column":13},"end":{"line":29,"column":3}}}},"branchMap":{"0":{"loc":{"start":{"line":17,"column":33},"end":{"line":17,"column":77}},"type":"binary-expr","locations":[{"start":{"line":17,"column":33},"end":{"line":17,"column":66}},{"start":{"line":17,"column":70},"end":{"line":17,"column":77}}]},"1":{"loc":{"start":{"line":21,"column":13},"end":{"line":21,"column":57}},"type":"binary-expr","locations":[{"start":{"line":21,"column":13},"end":{"line":21,"column":46}},{"start":{"line":21,"column":50},"end":{"line":21,"column":57}}]},"2":{"loc":{"start":{"line":26,"column":4},"end":{"line":28,"column":5}},"type":"if","locations":[{"start":{"line":26,"column":4},"end":{"line":28,"column":5}}]},"3":{"loc":{"start":{"line":26,"column":7},"end":{"line":26,"column":51}},"type":"binary-expr","locations":[{"start":{"line":26,"column":7},"end":{"line":26,"column":24}},{"start":{"line":26,"column":28},"end":{"line":26,"column":51}}]}},"s":{"0":7,"1":7,"2":7,"3":7,"4":7,"5":0,"6":0,"7":0,"8":0,"9":0,"10":0,"11":0,"12":0,"13":0,"14":0,"15":7,"16":7},"f":{"0":0,"1":0},"b":{"0":[0,0],"1":[0,0],"2":[0],"3":[0,0]}}
,"C:\\Users\\hamid\\WebstormProjects\\hybrid-sites\\src\\app\\shared\\constantes\\theme.constants.ts": {"path":"C:\\Users\\hamid\\WebstormProjects\\hybrid-sites\\src\\app\\shared\\constantes\\theme.constants.ts","statementMap":{"0":{"start":{"line":1,"column":13},"end":{"line":4,"column":null}}},"fnMap":{},"branchMap":{},"s":{"0":6},"f":{},"b":{}}
,"C:\\Users\\hamid\\WebstormProjects\\hybrid-sites\\src\\app\\shared\\directives\\date-format.directive.ts": {"path":"C:\\Users\\hamid\\WebstormProjects\\hybrid-sites\\src\\app\\shared\\directives\\date-format.directive.ts","statementMap":{"0":{"start":{"line":1,"column":0},"end":{"line":1,"column":69}},"1":{"start":{"line":10,"column":22},"end":{"line":10,"column":36}},"2":{"start":{"line":13,"column":23},"end":{"line":13,"column":51}},"3":{"start":{"line":14,"column":4},"end":{"line":14,"column":73}},"4":{"start":{"line":7,"column":13},"end":{"line":7,"column":32}},"5":{"start":{"line":7,"column":13},"end":{"line":16,"column":null}}},"fnMap":{"0":{"name":"(anonymous_0)","decl":{"start":{"line":10,"column":2},"end":{"line":10,"column":22}},"loc":{"start":{"line":10,"column":36},"end":{"line":10,"column":40}}},"1":{"name":"(anonymous_1)","decl":{"start":{"line":12,"column":2},"end":{"line":12,"column":10}},"loc":{"start":{"line":12,"column":10},"end":{"line":15,"column":3}}}},"branchMap":{},"s":{"0":1,"1":0,"2":0,"3":0,"4":1,"5":1},"f":{"0":0,"1":0},"b":{}}
,"C:\\Users\\hamid\\WebstormProjects\\hybrid-sites\\src\\app\\shared\\errors\\error.component.html": {"path":"C:\\Users\\hamid\\WebstormProjects\\hybrid-sites\\src\\app\\shared\\errors\\error.component.html","statementMap":{"0":{"start":{"line":1,"column":0},"end":{"line":1,"column":949}}},"fnMap":{},"branchMap":{},"s":{"0":1},"f":{},"b":{},"_coverageSchema":"1a1c01bbd47fc00a2c39e90264f33305004495a9","hash":"4d6f3e996c232d69b948e7b670dd75243bae34b6"}
,"C:\\Users\\hamid\\WebstormProjects\\hybrid-sites\\src\\app\\shared\\errors\\error.component.ts": {"path":"C:\\Users\\hamid\\WebstormProjects\\hybrid-sites\\src\\app\\shared\\errors\\error.component.ts","statementMap":{"0":{"start":{"line":1,"column":0},"end":{"line":1,"column":67}},"1":{"start":{"line":9,"column":7},"end":{"line":11,"column":null}},"2":{"start":{"line":9,"column":13},"end":{"line":9,"column":27}},"3":{"start":{"line":9,"column":13},"end":{"line":11,"column":null}}},"fnMap":{},"branchMap":{},"s":{"0":1,"1":1,"2":1,"3":1},"f":{},"b":{}}
,"C:\\Users\\hamid\\WebstormProjects\\hybrid-sites\\src\\app\\shared\\services\\authentification\\authentification.service.ts": {"path":"C:\\Users\\hamid\\WebstormProjects\\hybrid-sites\\src\\app\\shared\\services\\authentification\\authentification.service.ts","statementMap":{"0":{"start":{"line":1,"column":0},"end":{"line":1,"column":41}},"1":{"start":{"line":2,"column":0},"end":{"line":2,"column":48}},"2":{"start":{"line":3,"column":0},"end":{"line":3,"column":49}},"3":{"start":{"line":4,"column":0},"end":{"line":4,"column":35}},"4":{"start":{"line":12,"column":22},"end":{"line":12,"column":38}},"5":{"start":{"line":13,"column":4},"end":{"line":15,"column":6}},"6":{"start":{"line":16,"column":4},"end":{"line":16,"column":62}},"7":{"start":{"line":20,"column":4},"end":{"line":20,"column":41}},"8":{"start":{"line":25,"column":4},"end":{"line":35,"column":8}},"9":{"start":{"line":30,"column":10},"end":{"line":30,"column":65}},"10":{"start":{"line":31,"column":10},"end":{"line":31,"column":68}},"11":{"start":{"line":32,"column":10},"end":{"line":32,"column":45}},"12":{"start":{"line":33,"column":10},"end":{"line":33,"column":22}},"13":{"start":{"line":40,"column":4},"end":{"line":40,"column":43}},"14":{"start":{"line":41,"column":4},"end":{"line":41,"column":42}},"15":{"start":{"line":8,"column":13},"end":{"line":8,"column":34}},"16":{"start":{"line":8,"column":13},"end":{"line":43,"column":null}}},"fnMap":{"0":{"name":"(anonymous_0)","decl":{"start":{"line":12,"column":2},"end":{"line":12,"column":22}},"loc":{"start":{"line":12,"column":38},"end":{"line":17,"column":3}}},"1":{"name":"(anonymous_1)","decl":{"start":{"line":19,"column":2},"end":{"line":19,"column":13}},"loc":{"start":{"line":19,"column":29},"end":{"line":21,"column":3}}},"2":{"name":"(anonymous_2)","decl":{"start":{"line":23,"column":2},"end":{"line":23,"column":7}},"loc":{"start":{"line":23,"column":42},"end":{"line":36,"column":3}}},"3":{"name":"(anonymous_3)","decl":{"start":{"line":28,"column":12},"end":{"line":28,"column":16}},"loc":{"start":{"line":28,"column":19},"end":{"line":34,"column":9}}},"4":{"name":"(anonymous_4)","decl":{"start":{"line":38,"column":2},"end":{"line":38,"column":8}},"loc":{"start":{"line":38,"column":8},"end":{"line":42,"column":3}}}},"branchMap":{"0":{"loc":{"start":{"line":14,"column":17},"end":{"line":14,"column":60}},"type":"binary-expr","locations":[{"start":{"line":14,"column":17},"end":{"line":14,"column":52}},{"start":{"line":14,"column":56},"end":{"line":14,"column":60}}]}},"s":{"0":4,"1":4,"2":4,"3":4,"4":3,"5":3,"6":3,"7":0,"8":1,"9":1,"10":1,"11":1,"12":1,"13":1,"14":1,"15":4,"16":4},"f":{"0":3,"1":0,"2":1,"3":1,"4":1},"b":{"0":[3,2]}}
,"C:\\Users\\hamid\\WebstormProjects\\hybrid-sites\\src\\app\\shared\\services\\helper\\auth.guard.ts": {"path":"C:\\Users\\hamid\\WebstormProjects\\hybrid-sites\\src\\app\\shared\\services\\helper\\auth.guard.ts","statementMap":{"0":{"start":{"line":1,"column":0},"end":{"line":1,"column":41}},"1":{"start":{"line":2,"column":0},"end":{"line":2,"column":97}},"2":{"start":{"line":4,"column":0},"end":{"line":4,"column":83}},"3":{"start":{"line":9,"column":12},"end":{"line":9,"column":26}},"4":{"start":{"line":10,"column":12},"end":{"line":10,"column":56}},"5":{"start":{"line":16,"column":24},"end":{"line":16,"column":67}},"6":{"start":{"line":17,"column":4},"end":{"line":20,"column":5}},"7":{"start":{"line":19,"column":6},"end":{"line":19,"column":18}},"8":{"start":{"line":23,"column":4},"end":{"line":23,"column":87}},"9":{"start":{"line":24,"column":4},"end":{"line":24,"column":17}},"10":{"start":{"line":7,"column":13},"end":{"line":7,"column":22}},"11":{"start":{"line":7,"column":13},"end":{"line":26,"column":null}}},"fnMap":{"0":{"name":"(anonymous_0)","decl":{"start":{"line":8,"column":2},"end":{"line":8,"column":null}},"loc":{"start":{"line":10,"column":56},"end":{"line":12,"column":3}}},"1":{"name":"(anonymous_1)","decl":{"start":{"line":14,"column":2},"end":{"line":14,"column":13}},"loc":{"start":{"line":14,"column":71},"end":{"line":25,"column":3}}}},"branchMap":{"0":{"loc":{"start":{"line":17,"column":4},"end":{"line":20,"column":5}},"type":"if","locations":[{"start":{"line":17,"column":4},"end":{"line":20,"column":5}}]}},"s":{"0":1,"1":1,"2":1,"3":3,"4":3,"5":0,"6":0,"7":0,"8":0,"9":0,"10":1,"11":1},"f":{"0":3,"1":0},"b":{"0":[0]}}
,"C:\\Users\\hamid\\WebstormProjects\\hybrid-sites\\src\\app\\shared\\services\\helper\\basic-auth.interceptor.ts": {"path":"C:\\Users\\hamid\\WebstormProjects\\hybrid-sites\\src\\app\\shared\\services\\helper\\basic-auth.interceptor.ts","statementMap":{"0":{"start":{"line":1,"column":0},"end":{"line":1,"column":41}},"1":{"start":{"line":5,"column":0},"end":{"line":5,"column":83}},"2":{"start":{"line":9,"column":22},"end":{"line":9,"column":66}},"3":{"start":{"line":14,"column":24},"end":{"line":14,"column":67}},"4":{"start":{"line":15,"column":4},"end":{"line":21,"column":5}},"5":{"start":{"line":16,"column":6},"end":{"line":20,"column":9}},"6":{"start":{"line":23,"column":4},"end":{"line":23,"column":32}},"7":{"start":{"line":8,"column":13},"end":{"line":8,"column":33}},"8":{"start":{"line":8,"column":13},"end":{"line":25,"column":null}}},"fnMap":{"0":{"name":"(anonymous_0)","decl":{"start":{"line":9,"column":2},"end":{"line":9,"column":22}},"loc":{"start":{"line":9,"column":66},"end":{"line":10,"column":3}}},"1":{"name":"(anonymous_1)","decl":{"start":{"line":12,"column":2},"end":{"line":12,"column":11}},"loc":{"start":{"line":12,"column":56},"end":{"line":24,"column":3}}}},"branchMap":{"0":{"loc":{"start":{"line":15,"column":4},"end":{"line":21,"column":5}},"type":"if","locations":[{"start":{"line":15,"column":4},"end":{"line":21,"column":5}}]},"1":{"loc":{"start":{"line":15,"column":8},"end":{"line":15,"column":43}},"type":"binary-expr","locations":[{"start":{"line":15,"column":8},"end":{"line":15,"column":19}},{"start":{"line":15,"column":23},"end":{"line":15,"column":43}}]}},"s":{"0":1,"1":1,"2":0,"3":0,"4":0,"5":0,"6":0,"7":1,"8":1},"f":{"0":0,"1":0},"b":{"0":[0],"1":[0,0]}}
,"C:\\Users\\hamid\\WebstormProjects\\hybrid-sites\\src\\app\\shared\\services\\helper\\error.interceptor.ts": {"path":"C:\\Users\\hamid\\WebstormProjects\\hybrid-sites\\src\\app\\shared\\services\\helper\\error.interceptor.ts","statementMap":{"0":{"start":{"line":1,"column":0},"end":{"line":1,"column":41}},"1":{"start":{"line":12,"column":4},"end":{"line":12,"column":32}},"2":{"start":{"line":6,"column":13},"end":{"line":6,"column":29}},"3":{"start":{"line":6,"column":13},"end":{"line":14,"column":null}}},"fnMap":{"0":{"name":"(anonymous_0)","decl":{"start":{"line":8,"column":2},"end":{"line":8,"column":null}},"loc":{"start":{"line":8,"column":2},"end":{"line":9,"column":3}}},"1":{"name":"(anonymous_1)","decl":{"start":{"line":11,"column":2},"end":{"line":11,"column":11}},"loc":{"start":{"line":11,"column":60},"end":{"line":13,"column":3}}}},"branchMap":{},"s":{"0":1,"1":0,"2":1,"3":1},"f":{"0":1,"1":0},"b":{}}
,"C:\\Users\\hamid\\WebstormProjects\\hybrid-sites\\src\\app\\shared\\services\\models\\user.ts": {"path":"C:\\Users\\hamid\\WebstormProjects\\hybrid-sites\\src\\app\\shared\\services\\models\\user.ts","statementMap":{"0":{"start":{"line":1,"column":0},"end":{"line":1,"column":13}}},"fnMap":{},"branchMap":{},"s":{"0":1},"f":{},"b":{}}
,"C:\\Users\\hamid\\WebstormProjects\\hybrid-sites\\src\\app\\shared\\services\\nest\\nest.service.ts": {"path":"C:\\Users\\hamid\\WebstormProjects\\hybrid-sites\\src\\app\\shared\\services\\nest\\nest.service.ts","statementMap":{"0":{"start":{"line":1,"column":0},"end":{"line":1,"column":43}},"1":{"start":{"line":2,"column":0},"end":{"line":2,"column":67}},"2":{"start":{"line":3,"column":0},"end":{"line":3,"column":50}},"3":{"start":{"line":6,"column":0},"end":{"line":6,"column":37}},"4":{"start":{"line":14,"column":22},"end":{"line":14,"column":38}},"5":{"start":{"line":12,"column":2},"end":{"line":12,"column":39}},"6":{"start":{"line":18,"column":4},"end":{"line":20,"column":6}},"7":{"start":{"line":19,"column":16},"end":{"line":19,"column":36}},"8":{"start":{"line":24,"column":16},"end":{"line":24,"column":51}},"9":{"start":{"line":25,"column":4},"end":{"line":27,"column":6}},"10":{"start":{"line":26,"column":16},"end":{"line":26,"column":36}},"11":{"start":{"line":31,"column":4},"end":{"line":31,"column":null}},"12":{"start":{"line":11,"column":13},"end":{"line":11,"column":24}},"13":{"start":{"line":11,"column":13},"end":{"line":34,"column":null}}},"fnMap":{"0":{"name":"(anonymous_0)","decl":{"start":{"line":14,"column":2},"end":{"line":14,"column":22}},"loc":{"start":{"line":14,"column":38},"end":{"line":15,"column":3}}},"1":{"name":"(anonymous_1)","decl":{"start":{"line":17,"column":2},"end":{"line":17,"column":12}},"loc":{"start":{"line":17,"column":30},"end":{"line":21,"column":3}}},"2":{"name":"(anonymous_2)","decl":{"start":{"line":19,"column":10},"end":{"line":19,"column":13}},"loc":{"start":{"line":19,"column":16},"end":{"line":19,"column":36}}},"3":{"name":"(anonymous_3)","decl":{"start":{"line":23,"column":2},"end":{"line":23,"column":15}},"loc":{"start":{"line":23,"column":33},"end":{"line":28,"column":3}}},"4":{"name":"(anonymous_4)","decl":{"start":{"line":26,"column":10},"end":{"line":26,"column":13}},"loc":{"start":{"line":26,"column":16},"end":{"line":26,"column":36}}},"5":{"name":"(anonymous_5)","decl":{"start":{"line":30,"column":2},"end":{"line":30,"column":15}},"loc":{"start":{"line":30,"column":15},"end":{"line":32,"column":3}}}},"branchMap":{},"s":{"0":2,"1":2,"2":2,"3":2,"4":0,"5":0,"6":0,"7":0,"8":0,"9":0,"10":0,"11":0,"12":2,"13":2},"f":{"0":0,"1":0,"2":0,"3":0,"4":0,"5":0},"b":{}}
,"C:\\Users\\hamid\\WebstormProjects\\hybrid-sites\\src\\app\\shared\\services\\theme\\theme.service.ts": {"path":"C:\\Users\\hamid\\WebstormProjects\\hybrid-sites\\src\\app\\shared\\services\\theme\\theme.service.ts","statementMap":{"0":{"start":{"line":1,"column":0},"end":{"line":1,"column":43}},"1":{"start":{"line":2,"column":0},"end":{"line":2,"column":51}},"2":{"start":{"line":7,"column":7},"end":{"line":19,"column":null}},"3":{"start":{"line":8,"column":10},"end":{"line":8,"column":111}},"4":{"start":{"line":9,"column":2},"end":{"line":9,"column":64}},"5":{"start":{"line":12,"column":4},"end":{"line":12,"column":34}},"6":{"start":{"line":13,"column":4},"end":{"line":13,"column":49}},"7":{"start":{"line":17,"column":4},"end":{"line":17,"column":49}},"8":{"start":{"line":7,"column":13},"end":{"line":7,"column":25}},"9":{"start":{"line":7,"column":13},"end":{"line":19,"column":null}}},"fnMap":{"0":{"name":"(anonymous_0)","decl":{"start":{"line":7,"column":7},"end":{"line":7,"column":13}},"loc":{"start":{"line":7,"column":7},"end":{"line":19,"column":1}}},"1":{"name":"(anonymous_1)","decl":{"start":{"line":11,"column":2},"end":{"line":11,"column":10}},"loc":{"start":{"line":11,"column":24},"end":{"line":14,"column":3}}},"2":{"name":"(anonymous_2)","decl":{"start":{"line":16,"column":2},"end":{"line":16,"column":15}},"loc":{"start":{"line":16,"column":15},"end":{"line":18,"column":3}}}},"branchMap":{"0":{"loc":{"start":{"line":8,"column":78},"end":{"line":8,"column":109}},"type":"binary-expr","locations":[{"start":{"line":8,"column":78},"end":{"line":8,"column":98}},{"start":{"line":8,"column":102},"end":{"line":8,"column":109}}]}},"s":{"0":8,"1":8,"2":8,"3":2,"4":2,"5":0,"6":0,"7":2,"8":8,"9":8},"f":{"0":2,"1":0,"2":2},"b":{"0":[2,2]}}
,"C:\\Users\\hamid\\WebstormProjects\\hybrid-sites\\src\\environments\\environment.ts": {"path":"C:\\Users\\hamid\\WebstormProjects\\hybrid-sites\\src\\environments\\environment.ts","statementMap":{"0":{"start":{"line":1,"column":13},"end":{"line":4,"column":2}}},"fnMap":{},"branchMap":{},"s":{"0":2},"f":{},"b":{}}
}
